/*C309*/SET SCHEMA PUBLIC
DISCONNECT
/*C310*/SET SCHEMA PUBLIC
DISCONNECT
/*C311*/SET SCHEMA PUBLIC
DISCONNECT
/*C312*/SET SCHEMA PUBLIC
DISCONNECT
/*C313*/SET SCHEMA PUBLIC
DISCONNECT
/*C314*/SET SCHEMA PUBLIC
DISCONNECT
/*C315*/SET SCHEMA PUBLIC
DISCONNECT
/*C316*/SET SCHEMA PUBLIC
DISCONNECT
/*C317*/SET SCHEMA PUBLIC
DISCONNECT
/*C318*/SET SCHEMA PUBLIC
DISCONNECT
/*C319*/SET SCHEMA PUBLIC
DISCONNECT
/*C320*/SET SCHEMA PUBLIC
DISCONNECT
/*C321*/SET SCHEMA PUBLIC
DISCONNECT
/*C322*/SET SCHEMA PUBLIC
DISCONNECT
/*C323*/SET SCHEMA PUBLIC
DISCONNECT
/*C308*/SET SCHEMA PUBLIC
DELETE FROM CONTACTOS WHERE ID=1
DELETE FROM CONTACTOS WHERE ID=2
DELETE FROM CONTACTOS WHERE ID=3
DELETE FROM CONTACTOS WHERE ID=6
DELETE FROM CONTACTOS WHERE ID=12
DELETE FROM DESTINATARIOS WHERE ID=19
DELETE FROM DESTINATARIOS WHERE ID=23
DELETE FROM DESTINATARIOS WHERE ID=26
DELETE FROM DESTINATARIOS WHERE ID=20
DELETE FROM DESTINATARIOS WHERE ID=22
DELETE FROM DESTINATARIOS WHERE ID=24
DELETE FROM DESTINATARIOS WHERE ID=21
DELETE FROM DESTINATARIOS WHERE ID=25
DELETE FROM DESTINATARIOS WHERE ID=27
COMMIT
DISCONNECT
/*C324*/SET SCHEMA PUBLIC
DISCONNECT
/*C325*/SET SCHEMA PUBLIC
DISCONNECT
/*C326*/SET SCHEMA PUBLIC
DISCONNECT
/*C327*/SET SCHEMA PUBLIC
DISCONNECT
/*C328*/SET SCHEMA PUBLIC
DELETE FROM CORREOS WHERE ID=25
DELETE FROM CORREOS WHERE ID=26
DELETE FROM CORREOS WHERE ID=27
DELETE FROM CORREOS WHERE ID=28
DELETE FROM CORREOS WHERE ID=29
DELETE FROM CORREOS WHERE ID=30
DELETE FROM CORREOS WHERE ID=31
DELETE FROM CORREOS WHERE ID=32
DELETE FROM CORREOS WHERE ID=33
DELETE FROM CORREOS WHERE ID=34
DELETE FROM CORREOS WHERE ID=35
DELETE FROM CORREOS WHERE ID=36
DELETE FROM CORREOS WHERE ID=37
DELETE FROM CORREOS WHERE ID=38
DELETE FROM CORREOS WHERE ID=39
DELETE FROM CORREOS WHERE ID=40
DELETE FROM CORREOS WHERE ID=41
DELETE FROM CORREOS WHERE ID=42
DELETE FROM CORREOS WHERE ID=43
DELETE FROM CORREOS WHERE ID=44
DELETE FROM CORREOS WHERE ID=45
DELETE FROM CORREOS WHERE ID=46
DELETE FROM CORREOS WHERE ID=47
DELETE FROM CORREOS WHERE ID=48
COMMIT
DELETE FROM INFOUSUARIOS WHERE ID=1
DELETE FROM INFOUSUARIOS WHERE ID=2
DELETE FROM INFOUSUARIOS WHERE ID=3
DELETE FROM INFOUSUARIOS WHERE ID=5
DELETE FROM INFOUSUARIOS WHERE ID=6
DELETE FROM INFOUSUARIOS WHERE ID=7
DELETE FROM INFOUSUARIOS WHERE ID=18
DELETE FROM INFOUSUARIOS WHERE ID=19
DELETE FROM INFOUSUARIOS WHERE ID=20
DELETE FROM INFOUSUARIOS WHERE ID=21
DELETE FROM INFOUSUARIOS WHERE ID=22
DELETE FROM INFOUSUARIOS WHERE ID=23
DELETE FROM INFOUSUARIOS WHERE ID=24
DELETE FROM INFOUSUARIOS WHERE ID=25
DELETE FROM INFOUSUARIOS WHERE ID=26
DELETE FROM INFOUSUARIOS WHERE ID=27
DELETE FROM USUARIOS WHERE LOGIN='admin'
DELETE FROM USUARIOS WHERE LOGIN='usuario1'
DELETE FROM USUARIOS WHERE LOGIN='usuario2'
DELETE FROM USUARIOS WHERE LOGIN='usuario3'
COMMIT
INSERT INTO INFOUSUARIOS VALUES(1,'admin','admin','admin')
COMMIT
INSERT INTO INFOUSUARIOS VALUES(2,'Usuario1','Usuario1','usuario1@micorreo.com')
COMMIT
INSERT INTO INFOUSUARIOS VALUES(3,'Usuario2','Usuario2','usuario2@micorreo.com')
COMMIT
INSERT INTO INFOUSUARIOS VALUES(5,'usuario3','usuario3','usuario3@micorreo.com')
COMMIT
INSERT INTO INFOUSUARIOS VALUES(6,'usuario3','usuario3','usuario3@micorreo.com')
COMMIT
INSERT INTO INFOUSUARIOS VALUES(7,'usuario3','usuario3','usuario3@micorreo.com')
COMMIT
INSERT INTO INFOUSUARIOS VALUES(18,'usuario3','usuario3','Usuario3@micorreo.com')
COMMIT
INSERT INTO INFOUSUARIOS VALUES(19,'usuario','5','username5@micorreo.com')
COMMIT
INSERT INTO INFOUSUARIOS VALUES(20,'usuario','5','usuario5@micorreo.com')
COMMIT
INSERT INTO INFOUSUARIOS VALUES(21,'usuario6','usuario6','usuario6@micorreo.com')
COMMIT
INSERT INTO USUARIOS VALUES('Usuario3','','Cliente','1',18)
COMMIT
INSERT INTO USUARIOS VALUES('admin','admin','Administrador','1',1)
COMMIT
INSERT INTO USUARIOS VALUES('username5','usuario','Cliente','0',19)
COMMIT
INSERT INTO USUARIOS VALUES('usuario1','usuario1','Cliente','1',2)
COMMIT
INSERT INTO USUARIOS VALUES('usuario2','usuario2','Cliente','0',3)
COMMIT
INSERT INTO USUARIOS VALUES('usuario5','usuario','Cliente','0',20)
COMMIT
INSERT INTO USUARIOS VALUES('usuario6','usuario','Cliente','0',21)
COMMIT
INSERT INTO CONTACTOS VALUES(1,'contacto1@email.com','Contacto1','Contacto1','Calle Falsa 123','Ciudad de contacto1','admin')
COMMIT
INSERT INTO CONTACTOS VALUES(2,'contacto2@email.com','Contacto2','Contacto2','Calle Falsa 123','Ciudad de contacto2','admin')
COMMIT
INSERT INTO CONTACTOS VALUES(3,'contacto3@email.com','Contacto3','Contacto3','Calle Falsa 123','Ciudad de contacto3','admin')
COMMIT
INSERT INTO CONTACTOS VALUES(4,'Calle Piruleta','Elena','Nito del Bosque',NULL,'Oviedo','usuario1')
COMMIT
INSERT INTO CONTACTOS VALUES(5,'Calle Gominola','Usuario','Guay',NULL,'Gijon','admin')
COMMIT
INSERT INTO CORREOS VALUES(1,0.0E0,'Asunto','Cuerpo',1,'usuario1')
COMMIT
INSERT INTO CORREOS VALUES(2,0.0E0,'Asunto','Cuerpo',1,'usuario1')
COMMIT
INSERT INTO CORREOS VALUES(3,0.0E0,'Asunto','Cuerpo',1,'usuario1')
COMMIT
INSERT INTO CORREOS VALUES(6,0.0E0,'Asunto','Cuerpo',3,'usuario1')
COMMIT
INSERT INTO CORREOS VALUES(7,0.0E0,'Asunto','Cuerpo',3,'usuario1')
COMMIT
INSERT INTO CORREOS VALUES(8,2.5E0,'Bombones','Me los compras?',1,'usuario1')
COMMIT
INSERT INTO CORREOS VALUES(9,1.0E0,'Azucarillos','Hay que comprar',1,'usuario1')
COMMIT
INSERT INTO CORREOS VALUES(10,1.42528922441E12,'Te invito a mi party','El viernes en mi casa :D',1,'usuario1')
COMMIT
INSERT INTO CORREOS VALUES(11,1.42528940032E12,'Examen','De SDI',1,'usuario1')
COMMIT
INSERT INTO CORREOS VALUES(12,1.425290673231E12,'Nuevo Correo','Cosas',1,'usuario1')
COMMIT
INSERT INTO CORREOS VALUES(13,1.425292705614E12,'asdasd','asdasd',1,'usuario1')
COMMIT
INSERT INTO CORREOS VALUES(15,1.42529334112E12,'qweqwe','qweqwe',2,'usuario1')
COMMIT
INSERT INTO CORREOS VALUES(16,1.425293374263E12,'zxczxczxc','zxczxczxc',2,'usuario1')
COMMIT
INSERT INTO CORREOS VALUES(17,1.425293768481E12,'qwerwerqwer','qwerqwerqwer',2,'usuario1')
COMMIT
INSERT INTO CORREOS VALUES(18,1.425294039577E12,'asdasd','asdasd',2,'usuario1')
COMMIT
INSERT INTO CORREOS VALUES(19,1.425316272947E12,'hola','mundo',1,'usuario1')
COMMIT
INSERT INTO CORREOS VALUES(20,1.425317912616E12,'hola2','hola caracola',2,'usuario1')
COMMIT
INSERT INTO CORREOS VALUES(21,1.425318182745E12,'hola','hola caracoooola',1,'usuario1')
COMMIT
INSERT INTO CORREOS VALUES(22,1.425318246001E12,'holeando','holeo',2,'usuario1')
COMMIT
INSERT INTO CORREOS VALUES(23,1.425318361432E12,'sadasd','dsfsdafsfasdf',2,'usuario1')
COMMIT
INSERT INTO CORREOS VALUES(24,1.425318714298E12,'nelson','muahahhahahhaha',2,'usuario1')
COMMIT
INSERT INTO DESTINATARIOS VALUES(1,1,1)
COMMIT
INSERT INTO DESTINATARIOS VALUES(2,2,1)
COMMIT
INSERT INTO DESTINATARIOS VALUES(3,3,1)
COMMIT
INSERT INTO DESTINATARIOS VALUES(4,10,1)
COMMIT
INSERT INTO DESTINATARIOS VALUES(5,11,1)
COMMIT
INSERT INTO DESTINATARIOS VALUES(6,12,1)
COMMIT
INSERT INTO DESTINATARIOS VALUES(7,13,2)
COMMIT
INSERT INTO DESTINATARIOS VALUES(9,15,1)
COMMIT
INSERT INTO DESTINATARIOS VALUES(10,16,1)
COMMIT
INSERT INTO DESTINATARIOS VALUES(11,17,1)
COMMIT
INSERT INTO DESTINATARIOS VALUES(12,18,1)
COMMIT
INSERT INTO DESTINATARIOS VALUES(13,19,1)
COMMIT
INSERT INTO DESTINATARIOS VALUES(14,20,1)
COMMIT
INSERT INTO DESTINATARIOS VALUES(15,21,3)
COMMIT
INSERT INTO DESTINATARIOS VALUES(16,22,3)
COMMIT
INSERT INTO DESTINATARIOS VALUES(17,23,2)
COMMIT
INSERT INTO DESTINATARIOS VALUES(18,24,1)
COMMIT
DISCONNECT
/*C329*/SET SCHEMA PUBLIC
DELETE FROM CONTACTOS WHERE ID=1
DELETE FROM CONTACTOS WHERE ID=2
DELETE FROM CONTACTOS WHERE ID=3
DELETE FROM CONTACTOS WHERE ID=4
DELETE FROM CONTACTOS WHERE ID=5
DELETE FROM DESTINATARIOS WHERE ID=1
DELETE FROM DESTINATARIOS WHERE ID=2
DELETE FROM DESTINATARIOS WHERE ID=3
DELETE FROM DESTINATARIOS WHERE ID=4
DELETE FROM DESTINATARIOS WHERE ID=5
DELETE FROM DESTINATARIOS WHERE ID=6
DELETE FROM DESTINATARIOS WHERE ID=9
DELETE FROM DESTINATARIOS WHERE ID=10
DELETE FROM DESTINATARIOS WHERE ID=11
DELETE FROM DESTINATARIOS WHERE ID=12
DELETE FROM DESTINATARIOS WHERE ID=13
DELETE FROM DESTINATARIOS WHERE ID=14
DELETE FROM DESTINATARIOS WHERE ID=18
DELETE FROM DESTINATARIOS WHERE ID=7
DELETE FROM DESTINATARIOS WHERE ID=17
DELETE FROM DESTINATARIOS WHERE ID=15
DELETE FROM DESTINATARIOS WHERE ID=16
COMMIT
DELETE FROM CORREOS WHERE ID=1
DELETE FROM CORREOS WHERE ID=2
DELETE FROM CORREOS WHERE ID=3
DELETE FROM CORREOS WHERE ID=6
DELETE FROM CORREOS WHERE ID=7
DELETE FROM CORREOS WHERE ID=8
DELETE FROM CORREOS WHERE ID=9
DELETE FROM CORREOS WHERE ID=10
DELETE FROM CORREOS WHERE ID=11
DELETE FROM CORREOS WHERE ID=12
DELETE FROM CORREOS WHERE ID=13
DELETE FROM CORREOS WHERE ID=15
DELETE FROM CORREOS WHERE ID=16
DELETE FROM CORREOS WHERE ID=17
DELETE FROM CORREOS WHERE ID=18
DELETE FROM CORREOS WHERE ID=19
DELETE FROM CORREOS WHERE ID=20
DELETE FROM CORREOS WHERE ID=21
DELETE FROM CORREOS WHERE ID=22
DELETE FROM CORREOS WHERE ID=23
DELETE FROM CORREOS WHERE ID=24
COMMIT
DELETE FROM INFOUSUARIOS WHERE ID=1
DELETE FROM INFOUSUARIOS WHERE ID=2
DELETE FROM INFOUSUARIOS WHERE ID=3
DELETE FROM INFOUSUARIOS WHERE ID=5
DELETE FROM INFOUSUARIOS WHERE ID=6
DELETE FROM INFOUSUARIOS WHERE ID=7
DELETE FROM INFOUSUARIOS WHERE ID=18
DELETE FROM INFOUSUARIOS WHERE ID=19
DELETE FROM INFOUSUARIOS WHERE ID=20
DELETE FROM INFOUSUARIOS WHERE ID=21
DELETE FROM USUARIOS WHERE LOGIN='admin'
DELETE FROM USUARIOS WHERE LOGIN='usuario1'
DELETE FROM USUARIOS WHERE LOGIN='usuario2'
DELETE FROM USUARIOS WHERE LOGIN='Usuario3'
DELETE FROM USUARIOS WHERE LOGIN='username5'
DELETE FROM USUARIOS WHERE LOGIN='usuario5'
DELETE FROM USUARIOS WHERE LOGIN='usuario6'
COMMIT
INSERT INTO INFOUSUARIOS VALUES(1,'admin','admin','admin')
COMMIT
INSERT INTO INFOUSUARIOS VALUES(2,'Usuario1','Usuario1','usuario1@micorreo.com')
COMMIT
INSERT INTO INFOUSUARIOS VALUES(3,'Usuario2','Usuario2','usuario2@micorreo.com')
COMMIT
INSERT INTO INFOUSUARIOS VALUES(5,'usuario3','usuario3','usuario3@micorreo.com')
COMMIT
INSERT INTO INFOUSUARIOS VALUES(6,'usuario3','usuario3','usuario3@micorreo.com')
COMMIT
INSERT INTO INFOUSUARIOS VALUES(7,'usuario3','usuario3','usuario3@micorreo.com')
COMMIT
INSERT INTO INFOUSUARIOS VALUES(18,'usuario3','usuario3','Usuario3@micorreo.com')
COMMIT
INSERT INTO INFOUSUARIOS VALUES(19,'usuario','5','username5@micorreo.com')
COMMIT
INSERT INTO INFOUSUARIOS VALUES(20,'usuario','5','usuario5@micorreo.com')
COMMIT
INSERT INTO INFOUSUARIOS VALUES(21,'usuario6','usuario6','usuario6@micorreo.com')
COMMIT
INSERT INTO USUARIOS VALUES('Usuario3','','Cliente','1',18)
COMMIT
INSERT INTO USUARIOS VALUES('admin','admin','Administrador','1',1)
COMMIT
INSERT INTO USUARIOS VALUES('username5','usuario','Cliente','0',19)
COMMIT
INSERT INTO USUARIOS VALUES('usuario1','usuario1','Cliente','1',2)
COMMIT
INSERT INTO USUARIOS VALUES('usuario2','usuario2','Cliente','0',3)
COMMIT
INSERT INTO USUARIOS VALUES('usuario5','usuario','Cliente','0',20)
COMMIT
INSERT INTO USUARIOS VALUES('usuario6','usuario','Cliente','0',21)
COMMIT
INSERT INTO CONTACTOS VALUES(1,'contacto1@email.com','Contacto1','Contacto1','Calle Falsa 123','Ciudad de contacto1','admin')
COMMIT
INSERT INTO CONTACTOS VALUES(2,'contacto2@email.com','Contacto2','Contacto2','Calle Falsa 123','Ciudad de contacto2','admin')
COMMIT
INSERT INTO CONTACTOS VALUES(3,'contacto3@email.com','Contacto3','Contacto3','Calle Falsa 123','Ciudad de contacto3','admin')
COMMIT
INSERT INTO CONTACTOS VALUES(4,'Calle Piruleta','Elena','Nito del Bosque',NULL,'Oviedo','usuario1')
COMMIT
INSERT INTO CONTACTOS VALUES(5,'Calle Gominola','Usuario','Guay',NULL,'Gijon','admin')
COMMIT
INSERT INTO CORREOS VALUES(1,0.0E0,'Asunto','Cuerpo',1,'usuario1')
COMMIT
INSERT INTO CORREOS VALUES(2,0.0E0,'Asunto','Cuerpo',1,'usuario1')
COMMIT
INSERT INTO CORREOS VALUES(3,0.0E0,'Asunto','Cuerpo',1,'usuario1')
COMMIT
INSERT INTO CORREOS VALUES(6,0.0E0,'Asunto','Cuerpo',3,'usuario1')
COMMIT
INSERT INTO CORREOS VALUES(7,0.0E0,'Asunto','Cuerpo',3,'usuario1')
COMMIT
INSERT INTO CORREOS VALUES(8,2.5E0,'Bombones','Me los compras?',1,'usuario1')
COMMIT
INSERT INTO CORREOS VALUES(9,1.0E0,'Azucarillos','Hay que comprar',1,'usuario1')
COMMIT
INSERT INTO CORREOS VALUES(10,1.42528922441E12,'Te invito a mi party','El viernes en mi casa :D',1,'usuario1')
COMMIT
INSERT INTO CORREOS VALUES(11,1.42528940032E12,'Examen','De SDI',1,'usuario1')
COMMIT
INSERT INTO CORREOS VALUES(12,1.425290673231E12,'Nuevo Correo','Cosas',1,'usuario1')
COMMIT
INSERT INTO CORREOS VALUES(13,1.425292705614E12,'asdasd','asdasd',1,'usuario1')
COMMIT
INSERT INTO CORREOS VALUES(15,1.42529334112E12,'qweqwe','qweqwe',2,'usuario1')
COMMIT
INSERT INTO CORREOS VALUES(16,1.425293374263E12,'zxczxczxc','zxczxczxc',2,'usuario1')
COMMIT
INSERT INTO CORREOS VALUES(17,1.425293768481E12,'qwerwerqwer','qwerqwerqwer',2,'usuario1')
COMMIT
INSERT INTO CORREOS VALUES(18,1.425294039577E12,'asdasd','asdasd',2,'usuario1')
COMMIT
INSERT INTO CORREOS VALUES(19,1.425316272947E12,'hola','mundo',1,'usuario1')
COMMIT
INSERT INTO CORREOS VALUES(20,1.425317912616E12,'hola2','hola caracola',2,'usuario1')
COMMIT
INSERT INTO CORREOS VALUES(21,1.425318182745E12,'hola','hola caracoooola',1,'usuario1')
COMMIT
INSERT INTO CORREOS VALUES(22,1.425318246001E12,'holeando','holeo',2,'usuario1')
COMMIT
INSERT INTO CORREOS VALUES(23,1.425318361432E12,'sadasd','dsfsdafsfasdf',2,'usuario1')
COMMIT
INSERT INTO CORREOS VALUES(24,1.425318714298E12,'nelson','muahahhahahhaha',2,'usuario1')
COMMIT
INSERT INTO DESTINATARIOS VALUES(1,1,1)
COMMIT
INSERT INTO DESTINATARIOS VALUES(2,2,1)
COMMIT
INSERT INTO DESTINATARIOS VALUES(3,3,1)
COMMIT
INSERT INTO DESTINATARIOS VALUES(4,10,1)
COMMIT
INSERT INTO DESTINATARIOS VALUES(5,11,1)
COMMIT
INSERT INTO DESTINATARIOS VALUES(6,12,1)
COMMIT
INSERT INTO DESTINATARIOS VALUES(7,13,2)
COMMIT
INSERT INTO DESTINATARIOS VALUES(9,15,1)
COMMIT
INSERT INTO DESTINATARIOS VALUES(10,16,1)
COMMIT
INSERT INTO DESTINATARIOS VALUES(11,17,1)
COMMIT
INSERT INTO DESTINATARIOS VALUES(12,18,1)
COMMIT
INSERT INTO DESTINATARIOS VALUES(13,19,1)
COMMIT
INSERT INTO DESTINATARIOS VALUES(14,20,1)
COMMIT
INSERT INTO DESTINATARIOS VALUES(15,21,3)
COMMIT
INSERT INTO DESTINATARIOS VALUES(16,22,3)
COMMIT
INSERT INTO DESTINATARIOS VALUES(17,23,2)
COMMIT
INSERT INTO DESTINATARIOS VALUES(18,24,1)
COMMIT
DISCONNECT
/*C330*/SET SCHEMA PUBLIC
DISCONNECT
/*C331*/SET SCHEMA PUBLIC
DELETE FROM CONTACTOS WHERE ID=1
DELETE FROM CONTACTOS WHERE ID=2
DELETE FROM CONTACTOS WHERE ID=3
DELETE FROM CONTACTOS WHERE ID=4
DELETE FROM CONTACTOS WHERE ID=5
DELETE FROM DESTINATARIOS WHERE ID=1
DELETE FROM DESTINATARIOS WHERE ID=2
DELETE FROM DESTINATARIOS WHERE ID=3
DELETE FROM DESTINATARIOS WHERE ID=4
DELETE FROM DESTINATARIOS WHERE ID=5
DELETE FROM DESTINATARIOS WHERE ID=6
DELETE FROM DESTINATARIOS WHERE ID=9
DELETE FROM DESTINATARIOS WHERE ID=10
DELETE FROM DESTINATARIOS WHERE ID=11
DELETE FROM DESTINATARIOS WHERE ID=12
DELETE FROM DESTINATARIOS WHERE ID=13
DELETE FROM DESTINATARIOS WHERE ID=14
DELETE FROM DESTINATARIOS WHERE ID=18
DELETE FROM DESTINATARIOS WHERE ID=7
DELETE FROM DESTINATARIOS WHERE ID=17
DELETE FROM DESTINATARIOS WHERE ID=15
DELETE FROM DESTINATARIOS WHERE ID=16
COMMIT
DELETE FROM CORREOS WHERE ID=1
DELETE FROM CORREOS WHERE ID=2
DELETE FROM CORREOS WHERE ID=3
DELETE FROM CORREOS WHERE ID=6
DELETE FROM CORREOS WHERE ID=7
DELETE FROM CORREOS WHERE ID=8
DELETE FROM CORREOS WHERE ID=9
DELETE FROM CORREOS WHERE ID=10
DELETE FROM CORREOS WHERE ID=11
DELETE FROM CORREOS WHERE ID=12
DELETE FROM CORREOS WHERE ID=13
DELETE FROM CORREOS WHERE ID=15
DELETE FROM CORREOS WHERE ID=16
DELETE FROM CORREOS WHERE ID=17
DELETE FROM CORREOS WHERE ID=18
DELETE FROM CORREOS WHERE ID=19
DELETE FROM CORREOS WHERE ID=20
DELETE FROM CORREOS WHERE ID=21
DELETE FROM CORREOS WHERE ID=22
DELETE FROM CORREOS WHERE ID=23
DELETE FROM CORREOS WHERE ID=24
COMMIT
DELETE FROM INFOUSUARIOS WHERE ID=1
DELETE FROM INFOUSUARIOS WHERE ID=2
DELETE FROM INFOUSUARIOS WHERE ID=3
DELETE FROM INFOUSUARIOS WHERE ID=5
DELETE FROM INFOUSUARIOS WHERE ID=6
DELETE FROM INFOUSUARIOS WHERE ID=7
DELETE FROM INFOUSUARIOS WHERE ID=18
DELETE FROM INFOUSUARIOS WHERE ID=19
DELETE FROM INFOUSUARIOS WHERE ID=20
DELETE FROM INFOUSUARIOS WHERE ID=21
DELETE FROM USUARIOS WHERE LOGIN='admin'
DELETE FROM USUARIOS WHERE LOGIN='usuario1'
DELETE FROM USUARIOS WHERE LOGIN='usuario2'
DELETE FROM USUARIOS WHERE LOGIN='Usuario3'
DELETE FROM USUARIOS WHERE LOGIN='username5'
DELETE FROM USUARIOS WHERE LOGIN='usuario5'
DELETE FROM USUARIOS WHERE LOGIN='usuario6'
COMMIT
INSERT INTO INFOUSUARIOS VALUES(1,'admin','admin','admin')
COMMIT
INSERT INTO INFOUSUARIOS VALUES(2,'Usuario1','Usuario1','usuario1@micorreo.com')
COMMIT
INSERT INTO INFOUSUARIOS VALUES(3,'Usuario2','Usuario2','usuario2@micorreo.com')
COMMIT
INSERT INTO INFOUSUARIOS VALUES(5,'usuario3','usuario3','usuario3@micorreo.com')
COMMIT
INSERT INTO INFOUSUARIOS VALUES(6,'usuario3','usuario3','usuario3@micorreo.com')
COMMIT
INSERT INTO INFOUSUARIOS VALUES(7,'usuario3','usuario3','usuario3@micorreo.com')
COMMIT
INSERT INTO INFOUSUARIOS VALUES(18,'usuario3','usuario3','Usuario3@micorreo.com')
COMMIT
INSERT INTO INFOUSUARIOS VALUES(19,'usuario','5','username5@micorreo.com')
COMMIT
INSERT INTO INFOUSUARIOS VALUES(20,'usuario','5','usuario5@micorreo.com')
COMMIT
INSERT INTO INFOUSUARIOS VALUES(21,'usuario6','usuario6','usuario6@micorreo.com')
COMMIT
INSERT INTO USUARIOS VALUES('Usuario3','','Cliente','1',18)
COMMIT
INSERT INTO USUARIOS VALUES('admin','admin','Administrador','1',1)
COMMIT
INSERT INTO USUARIOS VALUES('username5','usuario','Cliente','0',19)
COMMIT
INSERT INTO USUARIOS VALUES('usuario1','usuario1','Cliente','1',2)
COMMIT
INSERT INTO USUARIOS VALUES('usuario2','usuario2','Cliente','0',3)
COMMIT
INSERT INTO USUARIOS VALUES('usuario5','usuario','Cliente','0',20)
COMMIT
INSERT INTO USUARIOS VALUES('usuario6','usuario','Cliente','0',21)
COMMIT
INSERT INTO CONTACTOS VALUES(1,'contacto1@email.com','Contacto1','Contacto1','Calle Falsa 123','Ciudad de contacto1','admin')
COMMIT
INSERT INTO CONTACTOS VALUES(2,'contacto2@email.com','Contacto2','Contacto2','Calle Falsa 123','Ciudad de contacto2','admin')
COMMIT
INSERT INTO CONTACTOS VALUES(3,'contacto3@email.com','Contacto3','Contacto3','Calle Falsa 123','Ciudad de contacto3','admin')
COMMIT
INSERT INTO CONTACTOS VALUES(4,'Calle Piruleta','Elena','Nito del Bosque',NULL,'Oviedo','usuario1')
COMMIT
INSERT INTO CONTACTOS VALUES(5,'Calle Gominola','Usuario','Guay',NULL,'Gijon','admin')
COMMIT
INSERT INTO CORREOS VALUES(1,0.0E0,'Asunto','Cuerpo',1,'usuario1')
COMMIT
INSERT INTO CORREOS VALUES(2,0.0E0,'Asunto','Cuerpo',1,'usuario1')
COMMIT
INSERT INTO CORREOS VALUES(3,0.0E0,'Asunto','Cuerpo',1,'usuario1')
COMMIT
INSERT INTO CORREOS VALUES(6,0.0E0,'Asunto','Cuerpo',3,'usuario1')
COMMIT
INSERT INTO CORREOS VALUES(7,0.0E0,'Asunto','Cuerpo',3,'usuario1')
COMMIT
INSERT INTO CORREOS VALUES(8,2.5E0,'Bombones','Me los compras?',1,'usuario1')
COMMIT
INSERT INTO CORREOS VALUES(9,1.0E0,'Azucarillos','Hay que comprar',1,'usuario1')
COMMIT
INSERT INTO CORREOS VALUES(10,1.42528922441E12,'Te invito a mi party','El viernes en mi casa :D',1,'usuario1')
COMMIT
INSERT INTO CORREOS VALUES(11,1.42528940032E12,'Examen','De SDI',1,'usuario1')
COMMIT
INSERT INTO CORREOS VALUES(12,1.425290673231E12,'Nuevo Correo','Cosas',1,'usuario1')
COMMIT
INSERT INTO CORREOS VALUES(13,1.425292705614E12,'asdasd','asdasd',1,'usuario1')
COMMIT
INSERT INTO CORREOS VALUES(15,1.42529334112E12,'qweqwe','qweqwe',2,'usuario1')
COMMIT
INSERT INTO CORREOS VALUES(16,1.425293374263E12,'zxczxczxc','zxczxczxc',2,'usuario1')
COMMIT
INSERT INTO CORREOS VALUES(17,1.425293768481E12,'qwerwerqwer','qwerqwerqwer',2,'usuario1')
COMMIT
INSERT INTO CORREOS VALUES(18,1.425294039577E12,'asdasd','asdasd',2,'usuario1')
COMMIT
INSERT INTO CORREOS VALUES(19,1.425316272947E12,'hola','mundo',1,'usuario1')
COMMIT
INSERT INTO CORREOS VALUES(20,1.425317912616E12,'hola2','hola caracola',2,'usuario1')
COMMIT
INSERT INTO CORREOS VALUES(21,1.425318182745E12,'hola','hola caracoooola',1,'usuario1')
COMMIT
INSERT INTO CORREOS VALUES(22,1.425318246001E12,'holeando','holeo',2,'usuario1')
COMMIT
INSERT INTO CORREOS VALUES(23,1.425318361432E12,'sadasd','dsfsdafsfasdf',2,'usuario1')
COMMIT
INSERT INTO CORREOS VALUES(24,1.425318714298E12,'nelson','muahahhahahhaha',2,'usuario1')
COMMIT
INSERT INTO DESTINATARIOS VALUES(1,1,1)
COMMIT
INSERT INTO DESTINATARIOS VALUES(2,2,1)
COMMIT
INSERT INTO DESTINATARIOS VALUES(3,3,1)
COMMIT
INSERT INTO DESTINATARIOS VALUES(4,10,1)
COMMIT
INSERT INTO DESTINATARIOS VALUES(5,11,1)
COMMIT
INSERT INTO DESTINATARIOS VALUES(6,12,1)
COMMIT
INSERT INTO DESTINATARIOS VALUES(7,13,2)
COMMIT
INSERT INTO DESTINATARIOS VALUES(9,15,1)
COMMIT
INSERT INTO DESTINATARIOS VALUES(10,16,1)
COMMIT
INSERT INTO DESTINATARIOS VALUES(11,17,1)
COMMIT
INSERT INTO DESTINATARIOS VALUES(12,18,1)
COMMIT
INSERT INTO DESTINATARIOS VALUES(13,19,1)
COMMIT
INSERT INTO DESTINATARIOS VALUES(14,20,1)
COMMIT
INSERT INTO DESTINATARIOS VALUES(15,21,3)
COMMIT
INSERT INTO DESTINATARIOS VALUES(16,22,3)
COMMIT
INSERT INTO DESTINATARIOS VALUES(17,23,2)
COMMIT
INSERT INTO DESTINATARIOS VALUES(18,24,1)
COMMIT
DISCONNECT
/*C332*/SET SCHEMA PUBLIC
DISCONNECT
/*C333*/SET SCHEMA PUBLIC
DISCONNECT
/*C334*/SET SCHEMA PUBLIC
DISCONNECT
/*C335*/SET SCHEMA PUBLIC
DISCONNECT
/*C336*/SET SCHEMA PUBLIC
DELETE FROM CONTACTOS WHERE ID=1
DELETE FROM CONTACTOS WHERE ID=2
DELETE FROM CONTACTOS WHERE ID=3
DELETE FROM CONTACTOS WHERE ID=4
DELETE FROM CONTACTOS WHERE ID=5
DELETE FROM DESTINATARIOS WHERE ID=1
DELETE FROM DESTINATARIOS WHERE ID=2
DELETE FROM DESTINATARIOS WHERE ID=3
DELETE FROM DESTINATARIOS WHERE ID=4
DELETE FROM DESTINATARIOS WHERE ID=5
DELETE FROM DESTINATARIOS WHERE ID=6
DELETE FROM DESTINATARIOS WHERE ID=9
DELETE FROM DESTINATARIOS WHERE ID=10
DELETE FROM DESTINATARIOS WHERE ID=11
DELETE FROM DESTINATARIOS WHERE ID=12
DELETE FROM DESTINATARIOS WHERE ID=13
DELETE FROM DESTINATARIOS WHERE ID=14
DELETE FROM DESTINATARIOS WHERE ID=18
DELETE FROM DESTINATARIOS WHERE ID=7
DELETE FROM DESTINATARIOS WHERE ID=17
DELETE FROM DESTINATARIOS WHERE ID=15
DELETE FROM DESTINATARIOS WHERE ID=16
COMMIT
DELETE FROM CORREOS WHERE ID=1
DELETE FROM CORREOS WHERE ID=2
DELETE FROM CORREOS WHERE ID=3
DELETE FROM CORREOS WHERE ID=6
DELETE FROM CORREOS WHERE ID=7
DELETE FROM CORREOS WHERE ID=8
DELETE FROM CORREOS WHERE ID=9
DELETE FROM CORREOS WHERE ID=10
DELETE FROM CORREOS WHERE ID=11
DELETE FROM CORREOS WHERE ID=12
DELETE FROM CORREOS WHERE ID=13
DELETE FROM CORREOS WHERE ID=15
DELETE FROM CORREOS WHERE ID=16
DELETE FROM CORREOS WHERE ID=17
DELETE FROM CORREOS WHERE ID=18
DELETE FROM CORREOS WHERE ID=19
DELETE FROM CORREOS WHERE ID=20
DELETE FROM CORREOS WHERE ID=21
DELETE FROM CORREOS WHERE ID=22
DELETE FROM CORREOS WHERE ID=23
DELETE FROM CORREOS WHERE ID=24
COMMIT
DELETE FROM INFOUSUARIOS WHERE ID=1
DELETE FROM INFOUSUARIOS WHERE ID=2
DELETE FROM INFOUSUARIOS WHERE ID=3
DELETE FROM INFOUSUARIOS WHERE ID=5
DELETE FROM INFOUSUARIOS WHERE ID=6
DELETE FROM INFOUSUARIOS WHERE ID=7
DELETE FROM INFOUSUARIOS WHERE ID=18
DELETE FROM INFOUSUARIOS WHERE ID=19
DELETE FROM INFOUSUARIOS WHERE ID=20
DELETE FROM INFOUSUARIOS WHERE ID=21
DELETE FROM USUARIOS WHERE LOGIN='admin'
DELETE FROM USUARIOS WHERE LOGIN='usuario1'
DELETE FROM USUARIOS WHERE LOGIN='usuario2'
DELETE FROM USUARIOS WHERE LOGIN='Usuario3'
DELETE FROM USUARIOS WHERE LOGIN='username5'
DELETE FROM USUARIOS WHERE LOGIN='usuario5'
DELETE FROM USUARIOS WHERE LOGIN='usuario6'
COMMIT
INSERT INTO INFOUSUARIOS VALUES(1,'admin','admin','admin')
COMMIT
INSERT INTO INFOUSUARIOS VALUES(2,'Usuario1','Usuario1','usuario1@micorreo.com')
COMMIT
INSERT INTO INFOUSUARIOS VALUES(3,'Usuario2','Usuario2','usuario2@micorreo.com')
COMMIT
INSERT INTO INFOUSUARIOS VALUES(5,'usuario3','usuario3','usuario3@micorreo.com')
COMMIT
INSERT INTO INFOUSUARIOS VALUES(6,'usuario3','usuario3','usuario3@micorreo.com')
COMMIT
INSERT INTO INFOUSUARIOS VALUES(7,'usuario3','usuario3','usuario3@micorreo.com')
COMMIT
INSERT INTO INFOUSUARIOS VALUES(18,'usuario3','usuario3','Usuario3@micorreo.com')
COMMIT
INSERT INTO INFOUSUARIOS VALUES(19,'usuario','5','username5@micorreo.com')
COMMIT
INSERT INTO INFOUSUARIOS VALUES(20,'usuario','5','usuario5@micorreo.com')
COMMIT
INSERT INTO INFOUSUARIOS VALUES(21,'usuario6','usuario6','usuario6@micorreo.com')
COMMIT
INSERT INTO USUARIOS VALUES('Usuario3','','Cliente','1',18)
COMMIT
INSERT INTO USUARIOS VALUES('admin','admin','Administrador','1',1)
COMMIT
INSERT INTO USUARIOS VALUES('username5','usuario','Cliente','0',19)
COMMIT
INSERT INTO USUARIOS VALUES('usuario1','usuario1','Cliente','1',2)
COMMIT
INSERT INTO USUARIOS VALUES('usuario2','usuario2','Cliente','0',3)
COMMIT
INSERT INTO USUARIOS VALUES('usuario5','usuario','Cliente','0',20)
COMMIT
INSERT INTO USUARIOS VALUES('usuario6','usuario','Cliente','0',21)
COMMIT
INSERT INTO CONTACTOS VALUES(1,'contacto1@email.com','Contacto1','Contacto1','Calle Falsa 123','Ciudad de contacto1','admin')
COMMIT
INSERT INTO CONTACTOS VALUES(2,'contacto2@email.com','Contacto2','Contacto2','Calle Falsa 123','Ciudad de contacto2','admin')
COMMIT
INSERT INTO CONTACTOS VALUES(3,'contacto3@email.com','Contacto3','Contacto3','Calle Falsa 123','Ciudad de contacto3','admin')
COMMIT
INSERT INTO CONTACTOS VALUES(4,'Calle Piruleta','Elena','Nito del Bosque',NULL,'Oviedo','usuario1')
COMMIT
INSERT INTO CONTACTOS VALUES(5,'Calle Gominola','Usuario','Guay',NULL,'Gijon','admin')
COMMIT
INSERT INTO CORREOS VALUES(1,0.0E0,'Asunto','Cuerpo',1,'usuario1')
COMMIT
INSERT INTO CORREOS VALUES(2,0.0E0,'Asunto','Cuerpo',1,'usuario1')
COMMIT
INSERT INTO CORREOS VALUES(3,0.0E0,'Asunto','Cuerpo',1,'usuario1')
COMMIT
INSERT INTO CORREOS VALUES(6,0.0E0,'Asunto','Cuerpo',3,'usuario1')
COMMIT
INSERT INTO CORREOS VALUES(7,0.0E0,'Asunto','Cuerpo',3,'usuario1')
COMMIT
INSERT INTO CORREOS VALUES(8,2.5E0,'Bombones','Me los compras?',1,'usuario1')
COMMIT
INSERT INTO CORREOS VALUES(9,1.0E0,'Azucarillos','Hay que comprar',1,'usuario1')
COMMIT
INSERT INTO CORREOS VALUES(10,1.42528922441E12,'Te invito a mi party','El viernes en mi casa :D',1,'usuario1')
COMMIT
INSERT INTO CORREOS VALUES(11,1.42528940032E12,'Examen','De SDI',1,'usuario1')
COMMIT
INSERT INTO CORREOS VALUES(12,1.425290673231E12,'Nuevo Correo','Cosas',1,'usuario1')
COMMIT
INSERT INTO CORREOS VALUES(13,1.425292705614E12,'asdasd','asdasd',1,'usuario1')
COMMIT
INSERT INTO CORREOS VALUES(15,1.42529334112E12,'qweqwe','qweqwe',2,'usuario1')
COMMIT
INSERT INTO CORREOS VALUES(16,1.425293374263E12,'zxczxczxc','zxczxczxc',2,'usuario1')
COMMIT
INSERT INTO CORREOS VALUES(17,1.425293768481E12,'qwerwerqwer','qwerqwerqwer',2,'usuario1')
COMMIT
INSERT INTO CORREOS VALUES(18,1.425294039577E12,'asdasd','asdasd',2,'usuario1')
COMMIT
INSERT INTO CORREOS VALUES(19,1.425316272947E12,'hola','mundo',1,'usuario1')
COMMIT
INSERT INTO CORREOS VALUES(20,1.425317912616E12,'hola2','hola caracola',2,'usuario1')
COMMIT
INSERT INTO CORREOS VALUES(21,1.425318182745E12,'hola','hola caracoooola',1,'usuario1')
COMMIT
INSERT INTO CORREOS VALUES(22,1.425318246001E12,'holeando','holeo',2,'usuario1')
COMMIT
INSERT INTO CORREOS VALUES(23,1.425318361432E12,'sadasd','dsfsdafsfasdf',2,'usuario1')
COMMIT
INSERT INTO CORREOS VALUES(24,1.425318714298E12,'nelson','muahahhahahhaha',2,'usuario1')
COMMIT
INSERT INTO DESTINATARIOS VALUES(1,1,1)
COMMIT
INSERT INTO DESTINATARIOS VALUES(2,2,1)
COMMIT
INSERT INTO DESTINATARIOS VALUES(3,3,1)
COMMIT
INSERT INTO DESTINATARIOS VALUES(4,10,1)
COMMIT
INSERT INTO DESTINATARIOS VALUES(5,11,1)
COMMIT
INSERT INTO DESTINATARIOS VALUES(6,12,1)
COMMIT
INSERT INTO DESTINATARIOS VALUES(7,13,2)
COMMIT
INSERT INTO DESTINATARIOS VALUES(9,15,1)
COMMIT
INSERT INTO DESTINATARIOS VALUES(10,16,1)
COMMIT
INSERT INTO DESTINATARIOS VALUES(11,17,1)
COMMIT
INSERT INTO DESTINATARIOS VALUES(12,18,1)
COMMIT
INSERT INTO DESTINATARIOS VALUES(13,19,1)
COMMIT
INSERT INTO DESTINATARIOS VALUES(14,20,1)
COMMIT
INSERT INTO DESTINATARIOS VALUES(15,21,3)
COMMIT
INSERT INTO DESTINATARIOS VALUES(16,22,3)
COMMIT
INSERT INTO DESTINATARIOS VALUES(17,23,2)
COMMIT
INSERT INTO DESTINATARIOS VALUES(18,24,1)
COMMIT
DISCONNECT
/*C337*/SET SCHEMA PUBLIC
DISCONNECT
/*C338*/SET SCHEMA PUBLIC
DISCONNECT
/*C339*/SET SCHEMA PUBLIC
DISCONNECT
/*C340*/SET SCHEMA PUBLIC
DISCONNECT
/*C341*/SET SCHEMA PUBLIC
DISCONNECT
/*C342*/SET SCHEMA PUBLIC
INSERT INTO CONTACTOS VALUES(22,'dfgh','thy','gfh','dfgh','dfgh','admin')
COMMIT
DISCONNECT
/*C343*/SET SCHEMA PUBLIC
DELETE FROM CONTACTOS WHERE ID=1
DELETE FROM CONTACTOS WHERE ID=2
DELETE FROM CONTACTOS WHERE ID=3
DELETE FROM CONTACTOS WHERE ID=4
DELETE FROM CONTACTOS WHERE ID=5
DELETE FROM CONTACTOS WHERE ID=22
DELETE FROM DESTINATARIOS WHERE ID=1
DELETE FROM DESTINATARIOS WHERE ID=2
DELETE FROM DESTINATARIOS WHERE ID=3
DELETE FROM DESTINATARIOS WHERE ID=4
DELETE FROM DESTINATARIOS WHERE ID=5
DELETE FROM DESTINATARIOS WHERE ID=6
DELETE FROM DESTINATARIOS WHERE ID=9
DELETE FROM DESTINATARIOS WHERE ID=10
DELETE FROM DESTINATARIOS WHERE ID=11
DELETE FROM DESTINATARIOS WHERE ID=12
DELETE FROM DESTINATARIOS WHERE ID=13
DELETE FROM DESTINATARIOS WHERE ID=14
DELETE FROM DESTINATARIOS WHERE ID=18
DELETE FROM DESTINATARIOS WHERE ID=7
DELETE FROM DESTINATARIOS WHERE ID=17
DELETE FROM DESTINATARIOS WHERE ID=15
DELETE FROM DESTINATARIOS WHERE ID=16
COMMIT
DELETE FROM CORREOS WHERE ID=1
DELETE FROM CORREOS WHERE ID=2
DELETE FROM CORREOS WHERE ID=3
DELETE FROM CORREOS WHERE ID=6
DELETE FROM CORREOS WHERE ID=7
DELETE FROM CORREOS WHERE ID=8
DELETE FROM CORREOS WHERE ID=9
DELETE FROM CORREOS WHERE ID=10
DELETE FROM CORREOS WHERE ID=11
DELETE FROM CORREOS WHERE ID=12
DELETE FROM CORREOS WHERE ID=13
DELETE FROM CORREOS WHERE ID=15
DELETE FROM CORREOS WHERE ID=16
DELETE FROM CORREOS WHERE ID=17
DELETE FROM CORREOS WHERE ID=18
DELETE FROM CORREOS WHERE ID=19
DELETE FROM CORREOS WHERE ID=20
DELETE FROM CORREOS WHERE ID=21
DELETE FROM CORREOS WHERE ID=22
DELETE FROM CORREOS WHERE ID=23
DELETE FROM CORREOS WHERE ID=24
COMMIT
DELETE FROM INFOUSUARIOS WHERE ID=1
DELETE FROM INFOUSUARIOS WHERE ID=2
DELETE FROM INFOUSUARIOS WHERE ID=3
DELETE FROM INFOUSUARIOS WHERE ID=5
DELETE FROM INFOUSUARIOS WHERE ID=6
DELETE FROM INFOUSUARIOS WHERE ID=7
DELETE FROM INFOUSUARIOS WHERE ID=18
DELETE FROM INFOUSUARIOS WHERE ID=19
DELETE FROM INFOUSUARIOS WHERE ID=20
DELETE FROM INFOUSUARIOS WHERE ID=21
DELETE FROM USUARIOS WHERE LOGIN='admin'
DELETE FROM USUARIOS WHERE LOGIN='usuario1'
DELETE FROM USUARIOS WHERE LOGIN='usuario2'
DELETE FROM USUARIOS WHERE LOGIN='Usuario3'
DELETE FROM USUARIOS WHERE LOGIN='username5'
DELETE FROM USUARIOS WHERE LOGIN='usuario5'
DELETE FROM USUARIOS WHERE LOGIN='usuario6'
COMMIT
INSERT INTO INFOUSUARIOS VALUES(1,'admin','admin','admin')
COMMIT
INSERT INTO INFOUSUARIOS VALUES(2,'Usuario1','Usuario1','usuario1@micorreo.com')
COMMIT
INSERT INTO INFOUSUARIOS VALUES(3,'Usuario2','Usuario2','usuario2@micorreo.com')
COMMIT
INSERT INTO INFOUSUARIOS VALUES(5,'usuario3','usuario3','usuario3@micorreo.com')
COMMIT
INSERT INTO INFOUSUARIOS VALUES(6,'usuario3','usuario3','usuario3@micorreo.com')
COMMIT
INSERT INTO INFOUSUARIOS VALUES(7,'usuario3','usuario3','usuario3@micorreo.com')
COMMIT
INSERT INTO INFOUSUARIOS VALUES(18,'usuario3','usuario3','Usuario3@micorreo.com')
COMMIT
INSERT INTO INFOUSUARIOS VALUES(19,'usuario','5','username5@micorreo.com')
COMMIT
INSERT INTO INFOUSUARIOS VALUES(20,'usuario','5','usuario5@micorreo.com')
COMMIT
INSERT INTO INFOUSUARIOS VALUES(21,'usuario6','usuario6','usuario6@micorreo.com')
COMMIT
INSERT INTO USUARIOS VALUES('Usuario3','','Cliente','1',18)
COMMIT
INSERT INTO USUARIOS VALUES('admin','admin','Administrador','1',1)
COMMIT
INSERT INTO USUARIOS VALUES('username5','usuario','Cliente','0',19)
COMMIT
INSERT INTO USUARIOS VALUES('usuario1','usuario1','Cliente','1',2)
COMMIT
INSERT INTO USUARIOS VALUES('usuario2','usuario2','Cliente','0',3)
COMMIT
INSERT INTO USUARIOS VALUES('usuario5','usuario','Cliente','0',20)
COMMIT
INSERT INTO USUARIOS VALUES('usuario6','usuario','Cliente','0',21)
COMMIT
INSERT INTO CONTACTOS VALUES(1,'contacto1@email.com','Contacto1','Contacto1','Calle Falsa 123','Ciudad de contacto1','admin')
COMMIT
INSERT INTO CONTACTOS VALUES(2,'contacto2@email.com','Contacto2','Contacto2','Calle Falsa 123','Ciudad de contacto2','admin')
COMMIT
INSERT INTO CONTACTOS VALUES(3,'contacto3@email.com','Contacto3','Contacto3','Calle Falsa 123','Ciudad de contacto3','admin')
COMMIT
INSERT INTO CONTACTOS VALUES(4,'Calle Piruleta','Elena','Nito del Bosque',NULL,'Oviedo','usuario1')
COMMIT
INSERT INTO CONTACTOS VALUES(5,'Calle Gominola','Usuario','Guay',NULL,'Gijon','admin')
COMMIT
INSERT INTO CORREOS VALUES(1,0.0E0,'Asunto','Cuerpo',1,'usuario1')
COMMIT
INSERT INTO CORREOS VALUES(2,0.0E0,'Asunto','Cuerpo',1,'usuario1')
COMMIT
INSERT INTO CORREOS VALUES(3,0.0E0,'Asunto','Cuerpo',1,'usuario1')
COMMIT
INSERT INTO CORREOS VALUES(6,0.0E0,'Asunto','Cuerpo',3,'usuario1')
COMMIT
INSERT INTO CORREOS VALUES(7,0.0E0,'Asunto','Cuerpo',3,'usuario1')
COMMIT
INSERT INTO CORREOS VALUES(8,2.5E0,'Bombones','Me los compras?',1,'usuario1')
COMMIT
INSERT INTO CORREOS VALUES(9,1.0E0,'Azucarillos','Hay que comprar',1,'usuario1')
COMMIT
INSERT INTO CORREOS VALUES(10,1.42528922441E12,'Te invito a mi party','El viernes en mi casa :D',1,'usuario1')
COMMIT
INSERT INTO CORREOS VALUES(11,1.42528940032E12,'Examen','De SDI',1,'usuario1')
COMMIT
INSERT INTO CORREOS VALUES(12,1.425290673231E12,'Nuevo Correo','Cosas',1,'usuario1')
COMMIT
INSERT INTO CORREOS VALUES(13,1.425292705614E12,'asdasd','asdasd',1,'usuario1')
COMMIT
INSERT INTO CORREOS VALUES(15,1.42529334112E12,'qweqwe','qweqwe',2,'usuario1')
COMMIT
INSERT INTO CORREOS VALUES(16,1.425293374263E12,'zxczxczxc','zxczxczxc',2,'usuario1')
COMMIT
INSERT INTO CORREOS VALUES(17,1.425293768481E12,'qwerwerqwer','qwerqwerqwer',2,'usuario1')
COMMIT
INSERT INTO CORREOS VALUES(18,1.425294039577E12,'asdasd','asdasd',2,'usuario1')
COMMIT
INSERT INTO CORREOS VALUES(19,1.425316272947E12,'hola','mundo',1,'usuario1')
COMMIT
INSERT INTO CORREOS VALUES(20,1.425317912616E12,'hola2','hola caracola',2,'usuario1')
COMMIT
INSERT INTO CORREOS VALUES(21,1.425318182745E12,'hola','hola caracoooola',1,'usuario1')
COMMIT
INSERT INTO CORREOS VALUES(22,1.425318246001E12,'holeando','holeo',2,'usuario1')
COMMIT
INSERT INTO CORREOS VALUES(23,1.425318361432E12,'sadasd','dsfsdafsfasdf',2,'usuario1')
COMMIT
INSERT INTO CORREOS VALUES(24,1.425318714298E12,'nelson','muahahhahahhaha',2,'usuario1')
COMMIT
INSERT INTO DESTINATARIOS VALUES(1,1,1)
COMMIT
INSERT INTO DESTINATARIOS VALUES(2,2,1)
COMMIT
INSERT INTO DESTINATARIOS VALUES(3,3,1)
COMMIT
INSERT INTO DESTINATARIOS VALUES(4,10,1)
COMMIT
INSERT INTO DESTINATARIOS VALUES(5,11,1)
COMMIT
INSERT INTO DESTINATARIOS VALUES(6,12,1)
COMMIT
INSERT INTO DESTINATARIOS VALUES(7,13,2)
COMMIT
INSERT INTO DESTINATARIOS VALUES(9,15,1)
COMMIT
INSERT INTO DESTINATARIOS VALUES(10,16,1)
COMMIT
INSERT INTO DESTINATARIOS VALUES(11,17,1)
COMMIT
INSERT INTO DESTINATARIOS VALUES(12,18,1)
COMMIT
INSERT INTO DESTINATARIOS VALUES(13,19,1)
COMMIT
INSERT INTO DESTINATARIOS VALUES(14,20,1)
COMMIT
INSERT INTO DESTINATARIOS VALUES(15,21,3)
COMMIT
INSERT INTO DESTINATARIOS VALUES(16,22,3)
COMMIT
INSERT INTO DESTINATARIOS VALUES(17,23,2)
COMMIT
INSERT INTO DESTINATARIOS VALUES(18,24,1)
COMMIT
DISCONNECT
/*C344*/SET SCHEMA PUBLIC
DISCONNECT
/*C345*/SET SCHEMA PUBLIC
DISCONNECT
/*C346*/SET SCHEMA PUBLIC
DISCONNECT
/*C347*/SET SCHEMA PUBLIC
DISCONNECT
/*C348*/SET SCHEMA PUBLIC
DISCONNECT
/*C349*/SET SCHEMA PUBLIC
DISCONNECT
/*C350*/SET SCHEMA PUBLIC
DISCONNECT
/*C351*/SET SCHEMA PUBLIC
DISCONNECT
/*C352*/SET SCHEMA PUBLIC
DISCONNECT
/*C353*/SET SCHEMA PUBLIC
DELETE FROM CONTACTOS WHERE ID=1
DELETE FROM CONTACTOS WHERE ID=2
DELETE FROM CONTACTOS WHERE ID=3
DELETE FROM CONTACTOS WHERE ID=4
DELETE FROM CONTACTOS WHERE ID=5
DELETE FROM DESTINATARIOS WHERE ID=1
DELETE FROM DESTINATARIOS WHERE ID=2
DELETE FROM DESTINATARIOS WHERE ID=3
DELETE FROM DESTINATARIOS WHERE ID=4
DELETE FROM DESTINATARIOS WHERE ID=5
DELETE FROM DESTINATARIOS WHERE ID=6
DELETE FROM DESTINATARIOS WHERE ID=9
DELETE FROM DESTINATARIOS WHERE ID=10
DELETE FROM DESTINATARIOS WHERE ID=11
DELETE FROM DESTINATARIOS WHERE ID=12
DELETE FROM DESTINATARIOS WHERE ID=13
DELETE FROM DESTINATARIOS WHERE ID=14
DELETE FROM DESTINATARIOS WHERE ID=18
DELETE FROM DESTINATARIOS WHERE ID=7
DELETE FROM DESTINATARIOS WHERE ID=17
DELETE FROM DESTINATARIOS WHERE ID=15
DELETE FROM DESTINATARIOS WHERE ID=16
COMMIT
DELETE FROM CORREOS WHERE ID=1
DELETE FROM CORREOS WHERE ID=2
DELETE FROM CORREOS WHERE ID=3
DELETE FROM CORREOS WHERE ID=6
DELETE FROM CORREOS WHERE ID=7
DELETE FROM CORREOS WHERE ID=8
DELETE FROM CORREOS WHERE ID=9
DELETE FROM CORREOS WHERE ID=10
DELETE FROM CORREOS WHERE ID=11
DELETE FROM CORREOS WHERE ID=12
DELETE FROM CORREOS WHERE ID=13
DELETE FROM CORREOS WHERE ID=15
DELETE FROM CORREOS WHERE ID=16
DELETE FROM CORREOS WHERE ID=17
DELETE FROM CORREOS WHERE ID=18
DELETE FROM CORREOS WHERE ID=19
DELETE FROM CORREOS WHERE ID=20
DELETE FROM CORREOS WHERE ID=21
DELETE FROM CORREOS WHERE ID=22
DELETE FROM CORREOS WHERE ID=23
DELETE FROM CORREOS WHERE ID=24
COMMIT
DELETE FROM INFOUSUARIOS WHERE ID=1
DELETE FROM INFOUSUARIOS WHERE ID=2
DELETE FROM INFOUSUARIOS WHERE ID=3
DELETE FROM INFOUSUARIOS WHERE ID=5
DELETE FROM INFOUSUARIOS WHERE ID=6
DELETE FROM INFOUSUARIOS WHERE ID=7
DELETE FROM INFOUSUARIOS WHERE ID=18
DELETE FROM INFOUSUARIOS WHERE ID=19
DELETE FROM INFOUSUARIOS WHERE ID=20
DELETE FROM INFOUSUARIOS WHERE ID=21
DELETE FROM USUARIOS WHERE LOGIN='admin'
DELETE FROM USUARIOS WHERE LOGIN='usuario1'
DELETE FROM USUARIOS WHERE LOGIN='usuario2'
DELETE FROM USUARIOS WHERE LOGIN='Usuario3'
DELETE FROM USUARIOS WHERE LOGIN='username5'
DELETE FROM USUARIOS WHERE LOGIN='usuario5'
DELETE FROM USUARIOS WHERE LOGIN='usuario6'
COMMIT
INSERT INTO INFOUSUARIOS VALUES(1,'admin','admin','admin')
COMMIT
INSERT INTO INFOUSUARIOS VALUES(2,'usuario1','usuario1','usuario1@micorreo.com')
COMMIT
INSERT INTO INFOUSUARIOS VALUES(3,'usuario2','usuario2','usuario2@micorreo.com')
COMMIT
DISCONNECT
/*C354*/SET SCHEMA PUBLIC
DISCONNECT
/*C355*/SET SCHEMA PUBLIC
INSERT INTO USUARIOS VALUES('admin','admin','Administrador','1',1)
COMMIT
DISCONNECT
/*C356*/SET SCHEMA PUBLIC
DISCONNECT
/*C357*/SET SCHEMA PUBLIC
DISCONNECT
/*C358*/SET SCHEMA PUBLIC
DISCONNECT
/*C359*/SET SCHEMA PUBLIC
DISCONNECT
/*C360*/SET SCHEMA PUBLIC
DELETE FROM INFOUSUARIOS WHERE ID=1
DELETE FROM INFOUSUARIOS WHERE ID=2
DELETE FROM INFOUSUARIOS WHERE ID=3
DELETE FROM USUARIOS WHERE LOGIN='admin'
COMMIT
INSERT INTO INFOUSUARIOS VALUES(1,'admin','admin','admin')
COMMIT
INSERT INTO INFOUSUARIOS VALUES(2,'usuario1','usuario1','usuario1@micorreo.com')
COMMIT
INSERT INTO INFOUSUARIOS VALUES(3,'usuario2','usuario2','usuario2@micorreo.com')
COMMIT
INSERT INTO INFOUSUARIOS VALUES(18,'usuario3','usuario3','usuario3@micorreo.com')
COMMIT
INSERT INTO INFOUSUARIOS VALUES(19,'usuario5','usuario5','usuario5@micorreo.com')
COMMIT
INSERT INTO INFOUSUARIOS VALUES(20,'usuario15','usuario15','usuario15@micorreo.com')
COMMIT
INSERT INTO INFOUSUARIOS VALUES(21,'usuario6','usuario6','usuario6@micorreo.com')
COMMIT
INSERT INTO USUARIOS VALUES('usuario3','','Cliente','1',18)
COMMIT
INSERT INTO USUARIOS VALUES('admin','admin','Administrador','1',1)
COMMIT
INSERT INTO USUARIOS VALUES('usuario15','usuario15','Cliente','0',20)
COMMIT
INSERT INTO USUARIOS VALUES('usuario1','usuario1','Cliente','1',2)
COMMIT
INSERT INTO USUARIOS VALUES('usuario2','usuario2','Cliente','0',3)
COMMIT
INSERT INTO USUARIOS VALUES('usuario5','usuario','Cliente','0',19)
COMMIT
INSERT INTO USUARIOS VALUES('usuario6','usuario','Cliente','0',21)
COMMIT
INSERT INTO CONTACTOS VALUES(1,'contacto1@email.com','Contacto1','Contacto1','Calle Falsa 123','Ciudad de contacto1','admin')
COMMIT
INSERT INTO CONTACTOS VALUES(2,'contacto2@email.com','Contacto2','Contacto2','Calle Falsa 123','Ciudad de contacto2','admin')
COMMIT
INSERT INTO CONTACTOS VALUES(3,'contacto3@email.com','Contacto3','Contacto3','Calle Falsa 123','Ciudad de contacto3','admin')
COMMIT
INSERT INTO CONTACTOS VALUES(4,'Calle Piruleta','Elena','Nito del Bosque',NULL,'Oviedo','usuario1')
COMMIT
INSERT INTO CONTACTOS VALUES(5,'Calle Gominola','Usuario','Guay',NULL,'Gijon','admin')
COMMIT
INSERT INTO CORREOS VALUES(1,0.0E0,'Asunto','Cuerpo',1,'usuario1')
COMMIT
INSERT INTO CORREOS VALUES(2,0.0E0,'Asunto','Cuerpo',1,'usuario1')
COMMIT
INSERT INTO CORREOS VALUES(3,0.0E0,'Asunto','Cuerpo',1,'usuario1')
COMMIT
INSERT INTO CORREOS VALUES(6,0.0E0,'Asunto','Cuerpo',3,'usuario1')
COMMIT
INSERT INTO CORREOS VALUES(7,0.0E0,'Asunto','Cuerpo',3,'usuario1')
COMMIT
INSERT INTO CORREOS VALUES(8,2.5E0,'Bombones','Me los compras?',1,'usuario1')
COMMIT
INSERT INTO CORREOS VALUES(9,1.0E0,'Azucarillos','Hay que comprar',1,'usuario1')
COMMIT
INSERT INTO CORREOS VALUES(10,1.42528922441E12,'Te invito a mi party','El viernes en mi casa :D',1,'usuario1')
COMMIT
INSERT INTO CORREOS VALUES(11,1.42528940032E12,'Examen','De SDI',1,'usuario1')
COMMIT
INSERT INTO CORREOS VALUES(12,1.425290673231E12,'Nuevo Correo','Cosas',1,'usuario1')
COMMIT
INSERT INTO CORREOS VALUES(13,1.425292705614E12,'asdasd','asdasd',1,'usuario1')
COMMIT
INSERT INTO CORREOS VALUES(15,1.42529334112E12,'qweqwe','qweqwe',2,'usuario1')
COMMIT
INSERT INTO CORREOS VALUES(16,1.425293374263E12,'zxczxczxc','zxczxczxc',2,'usuario1')
COMMIT
INSERT INTO CORREOS VALUES(17,1.425293768481E12,'qwerwerqwer','qwerqwerqwer',2,'usuario1')
COMMIT
INSERT INTO CORREOS VALUES(18,1.425294039577E12,'asdasd','asdasd',2,'usuario1')
COMMIT
INSERT INTO CORREOS VALUES(19,1.425316272947E12,'hola','mundo',1,'usuario1')
COMMIT
INSERT INTO CORREOS VALUES(20,1.425317912616E12,'hola2','hola caracola',2,'usuario1')
COMMIT
INSERT INTO CORREOS VALUES(21,1.425318182745E12,'hola','hola caracoooola',1,'usuario1')
COMMIT
INSERT INTO CORREOS VALUES(22,1.425318246001E12,'holeando','holeo',2,'usuario1')
COMMIT
INSERT INTO CORREOS VALUES(23,1.425318361432E12,'sadasd','dsfsdafsfasdf',2,'usuario1')
COMMIT
INSERT INTO CORREOS VALUES(24,1.425318714298E12,'nelson','muahahhahahhaha',2,'usuario1')
COMMIT
INSERT INTO DESTINATARIOS VALUES(1,1,1)
COMMIT
INSERT INTO DESTINATARIOS VALUES(2,2,1)
COMMIT
INSERT INTO DESTINATARIOS VALUES(3,3,1)
COMMIT
INSERT INTO DESTINATARIOS VALUES(4,10,1)
COMMIT
INSERT INTO DESTINATARIOS VALUES(5,11,1)
COMMIT
INSERT INTO DESTINATARIOS VALUES(6,12,1)
COMMIT
INSERT INTO DESTINATARIOS VALUES(7,13,2)
COMMIT
INSERT INTO DESTINATARIOS VALUES(9,15,1)
COMMIT
INSERT INTO DESTINATARIOS VALUES(10,16,1)
COMMIT
INSERT INTO DESTINATARIOS VALUES(11,17,1)
COMMIT
INSERT INTO DESTINATARIOS VALUES(12,18,1)
COMMIT
INSERT INTO DESTINATARIOS VALUES(13,19,1)
COMMIT
INSERT INTO DESTINATARIOS VALUES(14,20,1)
COMMIT
INSERT INTO DESTINATARIOS VALUES(15,21,3)
COMMIT
INSERT INTO DESTINATARIOS VALUES(16,22,3)
COMMIT
INSERT INTO DESTINATARIOS VALUES(17,23,2)
COMMIT
INSERT INTO DESTINATARIOS VALUES(18,24,1)
COMMIT
DISCONNECT
/*C361*/SET SCHEMA PUBLIC
DISCONNECT
/*C362*/SET SCHEMA PUBLIC
DISCONNECT
/*C363*/SET SCHEMA PUBLIC
DISCONNECT
/*C364*/SET SCHEMA PUBLIC
DISCONNECT
/*C365*/SET SCHEMA PUBLIC
DELETE FROM CONTACTOS WHERE ID=1
DELETE FROM CONTACTOS WHERE ID=2
DELETE FROM CONTACTOS WHERE ID=3
DELETE FROM CONTACTOS WHERE ID=4
DELETE FROM CONTACTOS WHERE ID=5
DELETE FROM DESTINATARIOS WHERE ID=1
DELETE FROM DESTINATARIOS WHERE ID=2
DELETE FROM DESTINATARIOS WHERE ID=3
DELETE FROM DESTINATARIOS WHERE ID=4
DELETE FROM DESTINATARIOS WHERE ID=5
DELETE FROM DESTINATARIOS WHERE ID=6
DELETE FROM DESTINATARIOS WHERE ID=9
DELETE FROM DESTINATARIOS WHERE ID=10
DELETE FROM DESTINATARIOS WHERE ID=11
DELETE FROM DESTINATARIOS WHERE ID=12
DELETE FROM DESTINATARIOS WHERE ID=13
DELETE FROM DESTINATARIOS WHERE ID=14
DELETE FROM DESTINATARIOS WHERE ID=18
DELETE FROM DESTINATARIOS WHERE ID=7
DELETE FROM DESTINATARIOS WHERE ID=17
DELETE FROM DESTINATARIOS WHERE ID=15
DELETE FROM DESTINATARIOS WHERE ID=16
COMMIT
DELETE FROM CORREOS WHERE ID=1
DELETE FROM CORREOS WHERE ID=2
DELETE FROM CORREOS WHERE ID=3
DELETE FROM CORREOS WHERE ID=6
DELETE FROM CORREOS WHERE ID=7
DELETE FROM CORREOS WHERE ID=8
DELETE FROM CORREOS WHERE ID=9
DELETE FROM CORREOS WHERE ID=10
DELETE FROM CORREOS WHERE ID=11
DELETE FROM CORREOS WHERE ID=12
DELETE FROM CORREOS WHERE ID=13
DELETE FROM CORREOS WHERE ID=15
DELETE FROM CORREOS WHERE ID=16
DELETE FROM CORREOS WHERE ID=17
DELETE FROM CORREOS WHERE ID=18
DELETE FROM CORREOS WHERE ID=19
DELETE FROM CORREOS WHERE ID=20
DELETE FROM CORREOS WHERE ID=21
DELETE FROM CORREOS WHERE ID=22
DELETE FROM CORREOS WHERE ID=23
DELETE FROM CORREOS WHERE ID=24
COMMIT
DELETE FROM INFOUSUARIOS WHERE ID=1
DELETE FROM INFOUSUARIOS WHERE ID=2
DELETE FROM INFOUSUARIOS WHERE ID=3
DELETE FROM INFOUSUARIOS WHERE ID=18
DELETE FROM INFOUSUARIOS WHERE ID=19
DELETE FROM INFOUSUARIOS WHERE ID=20
DELETE FROM INFOUSUARIOS WHERE ID=21
DELETE FROM USUARIOS WHERE LOGIN='admin'
DELETE FROM USUARIOS WHERE LOGIN='usuario1'
DELETE FROM USUARIOS WHERE LOGIN='usuario2'
DELETE FROM USUARIOS WHERE LOGIN='usuario3'
DELETE FROM USUARIOS WHERE LOGIN='usuario5'
DELETE FROM USUARIOS WHERE LOGIN='usuario15'
DELETE FROM USUARIOS WHERE LOGIN='usuario6'
COMMIT
INSERT INTO INFOUSUARIOS VALUES(1,'admin','admin','admin')
COMMIT
INSERT INTO INFOUSUARIOS VALUES(2,'usuario1','usuario1','usuario1@micorreo.com')
COMMIT
INSERT INTO INFOUSUARIOS VALUES(3,'usuario2','usuario2','usuario2@micorreo.com')
COMMIT
INSERT INTO INFOUSUARIOS VALUES(18,'usuario3','usuario3','usuario3@micorreo.com')
COMMIT
INSERT INTO INFOUSUARIOS VALUES(19,'usuario5','usuario5','usuario5@micorreo.com')
COMMIT
INSERT INTO INFOUSUARIOS VALUES(20,'usuario15','usuario15','usuario15@micorreo.com')
COMMIT
INSERT INTO INFOUSUARIOS VALUES(21,'usuario6','usuario6','usuario6@micorreo.com')
COMMIT
INSERT INTO USUARIOS VALUES('usuario3','','Cliente','1',18)
COMMIT
INSERT INTO USUARIOS VALUES('admin','admin','Administrador','1',1)
COMMIT
INSERT INTO USUARIOS VALUES('usuario15','usuario15','Cliente','0',20)
COMMIT
INSERT INTO USUARIOS VALUES('usuario1','usuario1','Cliente','1',2)
COMMIT
INSERT INTO USUARIOS VALUES('usuario2','usuario2','Cliente','0',3)
COMMIT
INSERT INTO USUARIOS VALUES('usuario5','usuario','Cliente','0',19)
COMMIT
INSERT INTO USUARIOS VALUES('usuario6','usuario','Cliente','0',21)
COMMIT
INSERT INTO CONTACTOS VALUES(1,'contacto1@email.com','Contacto1','Contacto1','Calle Falsa 123','Ciudad de contacto1','admin')
COMMIT
INSERT INTO CONTACTOS VALUES(2,'contacto2@email.com','Contacto2','Contacto2','Calle Falsa 123','Ciudad de contacto2','admin')
COMMIT
INSERT INTO CONTACTOS VALUES(3,'contacto3@email.com','Contacto3','Contacto3','Calle Falsa 123','Ciudad de contacto3','admin')
COMMIT
INSERT INTO CONTACTOS VALUES(4,'Calle Piruleta','Elena','Nito del Bosque',NULL,'Oviedo','usuario1')
COMMIT
INSERT INTO CONTACTOS VALUES(5,'Calle Gominola','Usuario','Guay',NULL,'Gijon','admin')
COMMIT
INSERT INTO CORREOS VALUES(1,0.0E0,'Asunto','Cuerpo',1,'usuario1')
COMMIT
INSERT INTO CORREOS VALUES(2,0.0E0,'Asunto','Cuerpo',1,'usuario1')
COMMIT
INSERT INTO CORREOS VALUES(3,0.0E0,'Asunto','Cuerpo',1,'usuario1')
COMMIT
INSERT INTO CORREOS VALUES(6,0.0E0,'Asunto','Cuerpo',3,'usuario1')
COMMIT
INSERT INTO CORREOS VALUES(7,0.0E0,'Asunto','Cuerpo',3,'usuario1')
COMMIT
INSERT INTO CORREOS VALUES(8,2.5E0,'Bombones','Me los compras?',1,'usuario1')
COMMIT
INSERT INTO CORREOS VALUES(9,1.0E0,'Azucarillos','Hay que comprar',1,'usuario1')
COMMIT
INSERT INTO CORREOS VALUES(10,1.42528922441E12,'Te invito a mi party','El viernes en mi casa :D',1,'usuario1')
COMMIT
INSERT INTO CORREOS VALUES(11,1.42528940032E12,'Examen','De SDI',1,'usuario1')
COMMIT
INSERT INTO CORREOS VALUES(12,1.425290673231E12,'Nuevo Correo','Cosas',1,'usuario1')
COMMIT
INSERT INTO CORREOS VALUES(13,1.425292705614E12,'asdasd','asdasd',1,'usuario1')
COMMIT
INSERT INTO CORREOS VALUES(15,1.42529334112E12,'qweqwe','qweqwe',2,'usuario1')
COMMIT
INSERT INTO CORREOS VALUES(16,1.425293374263E12,'zxczxczxc','zxczxczxc',2,'usuario1')
COMMIT
INSERT INTO CORREOS VALUES(17,1.425293768481E12,'qwerwerqwer','qwerqwerqwer',2,'usuario1')
COMMIT
INSERT INTO CORREOS VALUES(18,1.425294039577E12,'asdasd','asdasd',2,'usuario1')
COMMIT
INSERT INTO CORREOS VALUES(19,1.425316272947E12,'hola','mundo',1,'usuario1')
COMMIT
INSERT INTO CORREOS VALUES(20,1.425317912616E12,'hola2','hola caracola',2,'usuario1')
COMMIT
INSERT INTO CORREOS VALUES(21,1.425318182745E12,'hola','hola caracoooola',1,'usuario1')
COMMIT
INSERT INTO CORREOS VALUES(22,1.425318246001E12,'holeando','holeo',2,'usuario1')
COMMIT
INSERT INTO CORREOS VALUES(23,1.425318361432E12,'sadasd','dsfsdafsfasdf',2,'usuario1')
COMMIT
INSERT INTO CORREOS VALUES(24,1.425318714298E12,'nelson','muahahhahahhaha',2,'usuario1')
COMMIT
INSERT INTO DESTINATARIOS VALUES(1,1,1)
COMMIT
INSERT INTO DESTINATARIOS VALUES(2,2,1)
COMMIT
INSERT INTO DESTINATARIOS VALUES(3,3,1)
COMMIT
INSERT INTO DESTINATARIOS VALUES(4,10,1)
COMMIT
INSERT INTO DESTINATARIOS VALUES(5,11,1)
COMMIT
INSERT INTO DESTINATARIOS VALUES(6,12,1)
COMMIT
INSERT INTO DESTINATARIOS VALUES(7,13,2)
COMMIT
INSERT INTO DESTINATARIOS VALUES(9,15,1)
COMMIT
INSERT INTO DESTINATARIOS VALUES(10,16,1)
COMMIT
INSERT INTO DESTINATARIOS VALUES(11,17,1)
COMMIT
INSERT INTO DESTINATARIOS VALUES(12,18,1)
COMMIT
INSERT INTO DESTINATARIOS VALUES(13,19,1)
COMMIT
INSERT INTO DESTINATARIOS VALUES(14,20,1)
COMMIT
INSERT INTO DESTINATARIOS VALUES(15,21,3)
COMMIT
INSERT INTO DESTINATARIOS VALUES(16,22,3)
COMMIT
INSERT INTO DESTINATARIOS VALUES(17,23,2)
COMMIT
INSERT INTO DESTINATARIOS VALUES(18,24,1)
COMMIT
DISCONNECT
/*C366*/SET SCHEMA PUBLIC
DISCONNECT
/*C367*/SET SCHEMA PUBLIC
DISCONNECT
/*C368*/SET SCHEMA PUBLIC
DISCONNECT
/*C369*/SET SCHEMA PUBLIC
DISCONNECT
/*C370*/SET SCHEMA PUBLIC
DISCONNECT
/*C371*/SET SCHEMA PUBLIC
INSERT INTO CONTACTOS VALUES(23,'erty','rdty','drty','rety','erty','admin')
COMMIT
DISCONNECT
/*C372*/SET SCHEMA PUBLIC
DELETE FROM CONTACTOS WHERE ID=1
DELETE FROM CONTACTOS WHERE ID=2
DELETE FROM CONTACTOS WHERE ID=3
DELETE FROM CONTACTOS WHERE ID=4
DELETE FROM CONTACTOS WHERE ID=5
DELETE FROM CONTACTOS WHERE ID=23
DELETE FROM DESTINATARIOS WHERE ID=1
DELETE FROM DESTINATARIOS WHERE ID=2
DELETE FROM DESTINATARIOS WHERE ID=3
DELETE FROM DESTINATARIOS WHERE ID=4
DELETE FROM DESTINATARIOS WHERE ID=5
DELETE FROM DESTINATARIOS WHERE ID=6
DELETE FROM DESTINATARIOS WHERE ID=9
DELETE FROM DESTINATARIOS WHERE ID=10
DELETE FROM DESTINATARIOS WHERE ID=11
DELETE FROM DESTINATARIOS WHERE ID=12
DELETE FROM DESTINATARIOS WHERE ID=13
DELETE FROM DESTINATARIOS WHERE ID=14
DELETE FROM DESTINATARIOS WHERE ID=18
DELETE FROM DESTINATARIOS WHERE ID=7
DELETE FROM DESTINATARIOS WHERE ID=17
DELETE FROM DESTINATARIOS WHERE ID=15
DELETE FROM DESTINATARIOS WHERE ID=16
COMMIT
DELETE FROM CORREOS WHERE ID=1
DELETE FROM CORREOS WHERE ID=2
DELETE FROM CORREOS WHERE ID=3
DELETE FROM CORREOS WHERE ID=6
DELETE FROM CORREOS WHERE ID=7
DELETE FROM CORREOS WHERE ID=8
DELETE FROM CORREOS WHERE ID=9
DELETE FROM CORREOS WHERE ID=10
DELETE FROM CORREOS WHERE ID=11
DELETE FROM CORREOS WHERE ID=12
DELETE FROM CORREOS WHERE ID=13
DELETE FROM CORREOS WHERE ID=15
DELETE FROM CORREOS WHERE ID=16
DELETE FROM CORREOS WHERE ID=17
DELETE FROM CORREOS WHERE ID=18
DELETE FROM CORREOS WHERE ID=19
DELETE FROM CORREOS WHERE ID=20
DELETE FROM CORREOS WHERE ID=21
DELETE FROM CORREOS WHERE ID=22
DELETE FROM CORREOS WHERE ID=23
DELETE FROM CORREOS WHERE ID=24
COMMIT
DELETE FROM INFOUSUARIOS WHERE ID=1
DELETE FROM INFOUSUARIOS WHERE ID=2
DELETE FROM INFOUSUARIOS WHERE ID=3
DELETE FROM INFOUSUARIOS WHERE ID=18
DELETE FROM INFOUSUARIOS WHERE ID=19
DELETE FROM INFOUSUARIOS WHERE ID=20
DELETE FROM INFOUSUARIOS WHERE ID=21
DELETE FROM USUARIOS WHERE LOGIN='admin'
DELETE FROM USUARIOS WHERE LOGIN='usuario1'
DELETE FROM USUARIOS WHERE LOGIN='usuario2'
DELETE FROM USUARIOS WHERE LOGIN='usuario3'
DELETE FROM USUARIOS WHERE LOGIN='usuario5'
DELETE FROM USUARIOS WHERE LOGIN='usuario15'
DELETE FROM USUARIOS WHERE LOGIN='usuario6'
COMMIT
INSERT INTO INFOUSUARIOS VALUES(1,'admin','admin','admin')
COMMIT
INSERT INTO INFOUSUARIOS VALUES(2,'usuario1','usuario1','usuario1@micorreo.com')
COMMIT
INSERT INTO INFOUSUARIOS VALUES(3,'usuario2','usuario2','usuario2@micorreo.com')
COMMIT
INSERT INTO INFOUSUARIOS VALUES(18,'usuario3','usuario3','usuario3@micorreo.com')
COMMIT
INSERT INTO INFOUSUARIOS VALUES(19,'usuario5','usuario5','usuario5@micorreo.com')
COMMIT
INSERT INTO INFOUSUARIOS VALUES(20,'usuario15','usuario15','usuario15@micorreo.com')
COMMIT
INSERT INTO INFOUSUARIOS VALUES(21,'usuario6','usuario6','usuario6@micorreo.com')
COMMIT
INSERT INTO USUARIOS VALUES('usuario3','','Cliente','1',18)
COMMIT
INSERT INTO USUARIOS VALUES('admin','admin','Administrador','1',1)
COMMIT
INSERT INTO USUARIOS VALUES('usuario15','usuario15','Cliente','0',20)
COMMIT
INSERT INTO USUARIOS VALUES('usuario1','usuario1','Cliente','1',2)
COMMIT
INSERT INTO USUARIOS VALUES('usuario2','usuario2','Cliente','0',3)
COMMIT
INSERT INTO USUARIOS VALUES('usuario5','usuario','Cliente','0',19)
COMMIT
INSERT INTO USUARIOS VALUES('usuario6','usuario','Cliente','0',21)
COMMIT
INSERT INTO CONTACTOS VALUES(1,'contacto1@email.com','Contacto1','Contacto1','Calle Falsa 123','Ciudad de contacto1','admin')
COMMIT
INSERT INTO CONTACTOS VALUES(2,'contacto2@email.com','Contacto2','Contacto2','Calle Falsa 123','Ciudad de contacto2','admin')
COMMIT
INSERT INTO CONTACTOS VALUES(3,'contacto3@email.com','Contacto3','Contacto3','Calle Falsa 123','Ciudad de contacto3','admin')
COMMIT
INSERT INTO CONTACTOS VALUES(4,'Calle Piruleta','Elena','Nito del Bosque',NULL,'Oviedo','usuario1')
COMMIT
INSERT INTO CONTACTOS VALUES(5,'Calle Gominola','Usuario','Guay',NULL,'Gijon','admin')
COMMIT
INSERT INTO CORREOS VALUES(1,0.0E0,'Asunto','Cuerpo',1,'usuario1')
COMMIT
INSERT INTO CORREOS VALUES(2,0.0E0,'Asunto','Cuerpo',1,'usuario1')
COMMIT
INSERT INTO CORREOS VALUES(3,0.0E0,'Asunto','Cuerpo',1,'usuario1')
COMMIT
INSERT INTO CORREOS VALUES(6,0.0E0,'Asunto','Cuerpo',3,'usuario1')
COMMIT
INSERT INTO CORREOS VALUES(7,0.0E0,'Asunto','Cuerpo',3,'usuario1')
COMMIT
INSERT INTO CORREOS VALUES(8,2.5E0,'Bombones','Me los compras?',1,'usuario1')
COMMIT
INSERT INTO CORREOS VALUES(9,1.0E0,'Azucarillos','Hay que comprar',1,'usuario1')
COMMIT
INSERT INTO CORREOS VALUES(10,1.42528922441E12,'Te invito a mi party','El viernes en mi casa :D',1,'usuario1')
COMMIT
INSERT INTO CORREOS VALUES(11,1.42528940032E12,'Examen','De SDI',1,'usuario1')
COMMIT
INSERT INTO CORREOS VALUES(12,1.425290673231E12,'Nuevo Correo','Cosas',1,'usuario1')
COMMIT
INSERT INTO CORREOS VALUES(13,1.425292705614E12,'asdasd','asdasd',1,'usuario1')
COMMIT
INSERT INTO CORREOS VALUES(15,1.42529334112E12,'qweqwe','qweqwe',2,'usuario1')
COMMIT
INSERT INTO CORREOS VALUES(16,1.425293374263E12,'zxczxczxc','zxczxczxc',2,'usuario1')
COMMIT
INSERT INTO CORREOS VALUES(17,1.425293768481E12,'qwerwerqwer','qwerqwerqwer',2,'usuario1')
COMMIT
INSERT INTO CORREOS VALUES(18,1.425294039577E12,'asdasd','asdasd',2,'usuario1')
COMMIT
INSERT INTO CORREOS VALUES(19,1.425316272947E12,'hola','mundo',1,'usuario1')
COMMIT
INSERT INTO CORREOS VALUES(20,1.425317912616E12,'hola2','hola caracola',2,'usuario1')
COMMIT
INSERT INTO CORREOS VALUES(21,1.425318182745E12,'hola','hola caracoooola',1,'usuario1')
COMMIT
INSERT INTO CORREOS VALUES(22,1.425318246001E12,'holeando','holeo',2,'usuario1')
COMMIT
INSERT INTO CORREOS VALUES(23,1.425318361432E12,'sadasd','dsfsdafsfasdf',2,'usuario1')
COMMIT
INSERT INTO CORREOS VALUES(24,1.425318714298E12,'nelson','muahahhahahhaha',2,'usuario1')
COMMIT
INSERT INTO DESTINATARIOS VALUES(1,1,1)
COMMIT
INSERT INTO DESTINATARIOS VALUES(2,2,1)
COMMIT
INSERT INTO DESTINATARIOS VALUES(3,3,1)
COMMIT
INSERT INTO DESTINATARIOS VALUES(4,10,1)
COMMIT
INSERT INTO DESTINATARIOS VALUES(5,11,1)
COMMIT
INSERT INTO DESTINATARIOS VALUES(6,12,1)
COMMIT
INSERT INTO DESTINATARIOS VALUES(7,13,2)
COMMIT
INSERT INTO DESTINATARIOS VALUES(9,15,1)
COMMIT
INSERT INTO DESTINATARIOS VALUES(10,16,1)
COMMIT
INSERT INTO DESTINATARIOS VALUES(11,17,1)
COMMIT
INSERT INTO DESTINATARIOS VALUES(12,18,1)
COMMIT
INSERT INTO DESTINATARIOS VALUES(13,19,1)
COMMIT
INSERT INTO DESTINATARIOS VALUES(14,20,1)
COMMIT
INSERT INTO DESTINATARIOS VALUES(15,21,3)
COMMIT
INSERT INTO DESTINATARIOS VALUES(16,22,3)
COMMIT
INSERT INTO DESTINATARIOS VALUES(17,23,2)
COMMIT
INSERT INTO DESTINATARIOS VALUES(18,24,1)
COMMIT
DISCONNECT
/*C373*/SET SCHEMA PUBLIC
DISCONNECT
/*C374*/SET SCHEMA PUBLIC
DISCONNECT
/*C375*/SET SCHEMA PUBLIC
DISCONNECT
/*C376*/SET SCHEMA PUBLIC
DISCONNECT
/*C377*/SET SCHEMA PUBLIC
DISCONNECT
/*C378*/SET SCHEMA PUBLIC
DISCONNECT
/*C379*/SET SCHEMA PUBLIC
DISCONNECT
/*C380*/SET SCHEMA PUBLIC
DISCONNECT
/*C381*/SET SCHEMA PUBLIC
DISCONNECT
/*C382*/SET SCHEMA PUBLIC
DISCONNECT
/*C383*/SET SCHEMA PUBLIC
DISCONNECT
/*C385*/SET SCHEMA PUBLIC
DISCONNECT
/*C386*/SET SCHEMA PUBLIC
DISCONNECT
/*C387*/SET SCHEMA PUBLIC
DISCONNECT
/*C388*/SET SCHEMA PUBLIC
DISCONNECT
/*C389*/SET SCHEMA PUBLIC
DISCONNECT
/*C390*/SET SCHEMA PUBLIC
DISCONNECT
/*C391*/SET SCHEMA PUBLIC
DISCONNECT
/*C392*/SET SCHEMA PUBLIC
DISCONNECT
/*C393*/SET SCHEMA PUBLIC
DISCONNECT
/*C394*/SET SCHEMA PUBLIC
DISCONNECT
/*C395*/SET SCHEMA PUBLIC
DISCONNECT
/*C396*/SET SCHEMA PUBLIC
DISCONNECT
/*C397*/SET SCHEMA PUBLIC
DISCONNECT
/*C398*/SET SCHEMA PUBLIC
DISCONNECT
/*C399*/SET SCHEMA PUBLIC
DISCONNECT
/*C400*/SET SCHEMA PUBLIC
DISCONNECT
/*C401*/SET SCHEMA PUBLIC
DISCONNECT
/*C402*/SET SCHEMA PUBLIC
DISCONNECT
/*C403*/SET SCHEMA PUBLIC
DISCONNECT
/*C404*/SET SCHEMA PUBLIC
DISCONNECT
/*C405*/SET SCHEMA PUBLIC
DISCONNECT
/*C406*/SET SCHEMA PUBLIC
DISCONNECT
/*C407*/SET SCHEMA PUBLIC
DISCONNECT
/*C384*/SET SCHEMA PUBLIC
DISCONNECT
/*C408*/SET SCHEMA PUBLIC
DISCONNECT
/*C409*/SET SCHEMA PUBLIC
DISCONNECT
/*C410*/SET SCHEMA PUBLIC
DISCONNECT
/*C411*/SET SCHEMA PUBLIC
DISCONNECT
/*C412*/SET SCHEMA PUBLIC
DISCONNECT
/*C413*/SET SCHEMA PUBLIC
DISCONNECT
/*C414*/SET SCHEMA PUBLIC
DISCONNECT
/*C415*/SET SCHEMA PUBLIC
DISCONNECT
/*C416*/SET SCHEMA PUBLIC
INSERT INTO INFOUSUARIOS VALUES(28,'asdfasdf','adfasdf','null@micorreo.com')
COMMIT
DISCONNECT
/*C417*/SET SCHEMA PUBLIC
DISCONNECT
/*C418*/SET SCHEMA PUBLIC
DISCONNECT
/*C419*/SET SCHEMA PUBLIC
DISCONNECT
/*C420*/SET SCHEMA PUBLIC
DISCONNECT
/*C421*/SET SCHEMA PUBLIC
DISCONNECT
/*C422*/SET SCHEMA PUBLIC
INSERT INTO INFOUSUARIOS VALUES(29,'asdasd','asdasd','null@micorreo.com')
COMMIT
DISCONNECT
/*C423*/SET SCHEMA PUBLIC
INSERT INTO INFOUSUARIOS VALUES(30,'asd','adminasd','null@micorreo.com')
COMMIT
DISCONNECT
/*C424*/SET SCHEMA PUBLIC
INSERT INTO INFOUSUARIOS VALUES(31,'asasas','asasas','null@micorreo.com')
COMMIT
DISCONNECT
/*C425*/SET SCHEMA PUBLIC
DISCONNECT
/*C426*/SET SCHEMA PUBLIC
DISCONNECT
/*C427*/SET SCHEMA PUBLIC
DISCONNECT
/*C428*/SET SCHEMA PUBLIC
DISCONNECT
/*C429*/SET SCHEMA PUBLIC
INSERT INTO INFOUSUARIOS VALUES(32,'asd','asd','null@micorreo.com')
COMMIT
DISCONNECT
/*C430*/SET SCHEMA PUBLIC
INSERT INTO INFOUSUARIOS VALUES(33,'qwe','qwe','null@micorreo.com')
COMMIT
DISCONNECT
/*C431*/SET SCHEMA PUBLIC
INSERT INTO INFOUSUARIOS VALUES(34,'tyu','tyu','tyu@micorreo.com')
COMMIT
INSERT INTO USUARIOS VALUES('tyu','tyu','Cliente','0',34)
COMMIT
DISCONNECT
/*C432*/SET SCHEMA PUBLIC
DISCONNECT
/*C433*/SET SCHEMA PUBLIC
DISCONNECT
/*C434*/SET SCHEMA PUBLIC
DISCONNECT
/*C435*/SET SCHEMA PUBLIC
DISCONNECT
/*C436*/SET SCHEMA PUBLIC
DELETE FROM CONTACTOS WHERE ID=1
DELETE FROM CONTACTOS WHERE ID=2
DELETE FROM CONTACTOS WHERE ID=3
DELETE FROM CONTACTOS WHERE ID=4
DELETE FROM CONTACTOS WHERE ID=5
DELETE FROM DESTINATARIOS WHERE ID=1
DELETE FROM DESTINATARIOS WHERE ID=2
DELETE FROM DESTINATARIOS WHERE ID=3
DELETE FROM DESTINATARIOS WHERE ID=4
DELETE FROM DESTINATARIOS WHERE ID=5
DELETE FROM DESTINATARIOS WHERE ID=6
DELETE FROM DESTINATARIOS WHERE ID=9
DELETE FROM DESTINATARIOS WHERE ID=10
DELETE FROM DESTINATARIOS WHERE ID=11
DELETE FROM DESTINATARIOS WHERE ID=12
DELETE FROM DESTINATARIOS WHERE ID=13
DELETE FROM DESTINATARIOS WHERE ID=14
DELETE FROM DESTINATARIOS WHERE ID=18
DELETE FROM DESTINATARIOS WHERE ID=7
DELETE FROM DESTINATARIOS WHERE ID=17
DELETE FROM DESTINATARIOS WHERE ID=15
DELETE FROM DESTINATARIOS WHERE ID=16
COMMIT
DELETE FROM CORREOS WHERE ID=1
DELETE FROM CORREOS WHERE ID=2
DELETE FROM CORREOS WHERE ID=3
DELETE FROM CORREOS WHERE ID=6
DELETE FROM CORREOS WHERE ID=7
DELETE FROM CORREOS WHERE ID=8
DELETE FROM CORREOS WHERE ID=9
DELETE FROM CORREOS WHERE ID=10
DELETE FROM CORREOS WHERE ID=11
DELETE FROM CORREOS WHERE ID=12
DELETE FROM CORREOS WHERE ID=13
DELETE FROM CORREOS WHERE ID=15
DELETE FROM CORREOS WHERE ID=16
DELETE FROM CORREOS WHERE ID=17
DELETE FROM CORREOS WHERE ID=18
DELETE FROM CORREOS WHERE ID=19
DELETE FROM CORREOS WHERE ID=20
DELETE FROM CORREOS WHERE ID=21
DELETE FROM CORREOS WHERE ID=22
DELETE FROM CORREOS WHERE ID=23
DELETE FROM CORREOS WHERE ID=24
COMMIT
DELETE FROM INFOUSUARIOS WHERE ID=1
DELETE FROM INFOUSUARIOS WHERE ID=2
DELETE FROM INFOUSUARIOS WHERE ID=3
DELETE FROM INFOUSUARIOS WHERE ID=18
DELETE FROM INFOUSUARIOS WHERE ID=19
DELETE FROM INFOUSUARIOS WHERE ID=20
DELETE FROM INFOUSUARIOS WHERE ID=21
DELETE FROM INFOUSUARIOS WHERE ID=28
DELETE FROM INFOUSUARIOS WHERE ID=29
DELETE FROM INFOUSUARIOS WHERE ID=30
DELETE FROM INFOUSUARIOS WHERE ID=31
DELETE FROM INFOUSUARIOS WHERE ID=32
DELETE FROM INFOUSUARIOS WHERE ID=33
DELETE FROM INFOUSUARIOS WHERE ID=34
DELETE FROM USUARIOS WHERE LOGIN='admin'
DELETE FROM USUARIOS WHERE LOGIN='usuario1'
DELETE FROM USUARIOS WHERE LOGIN='usuario2'
DELETE FROM USUARIOS WHERE LOGIN='usuario3'
DELETE FROM USUARIOS WHERE LOGIN='usuario5'
DELETE FROM USUARIOS WHERE LOGIN='usuario15'
DELETE FROM USUARIOS WHERE LOGIN='usuario6'
DELETE FROM USUARIOS WHERE LOGIN='tyu'
COMMIT
INSERT INTO INFOUSUARIOS VALUES(1,'admin','admin','admin')
COMMIT
INSERT INTO INFOUSUARIOS VALUES(2,'usuario1','usuario1','usuario1@micorreo.com')
COMMIT
INSERT INTO INFOUSUARIOS VALUES(3,'usuario2','usuario2','usuario2@micorreo.com')
COMMIT
INSERT INTO INFOUSUARIOS VALUES(18,'usuario3','usuario3','usuario3@micorreo.com')
COMMIT
INSERT INTO INFOUSUARIOS VALUES(19,'usuario5','usuario5','usuario5@micorreo.com')
COMMIT
INSERT INTO INFOUSUARIOS VALUES(20,'usuario15','usuario15','usuario15@micorreo.com')
COMMIT
INSERT INTO INFOUSUARIOS VALUES(21,'usuario6','usuario6','usuario6@micorreo.com')
COMMIT
INSERT INTO USUARIOS VALUES('usuario3','','Cliente','1',18)
COMMIT
INSERT INTO USUARIOS VALUES('admin','admin','Administrador','1',1)
COMMIT
INSERT INTO USUARIOS VALUES('usuario15','usuario15','Cliente','0',20)
COMMIT
INSERT INTO USUARIOS VALUES('usuario1','usuario1','Cliente','1',2)
COMMIT
INSERT INTO USUARIOS VALUES('usuario2','usuario2','Cliente','0',3)
COMMIT
INSERT INTO USUARIOS VALUES('usuario5','usuario','Cliente','0',19)
COMMIT
INSERT INTO USUARIOS VALUES('usuario6','usuario','Cliente','0',21)
COMMIT
INSERT INTO CONTACTOS VALUES(1,'contacto1@email.com','Contacto1','Contacto1','Calle Falsa 123','Ciudad de contacto1','admin')
COMMIT
INSERT INTO CONTACTOS VALUES(2,'contacto2@email.com','Contacto2','Contacto2','Calle Falsa 123','Ciudad de contacto2','admin')
COMMIT
INSERT INTO CONTACTOS VALUES(3,'contacto3@email.com','Contacto3','Contacto3','Calle Falsa 123','Ciudad de contacto3','admin')
COMMIT
INSERT INTO CONTACTOS VALUES(4,'Calle Piruleta','Elena','Nito del Bosque',NULL,'Oviedo','usuario1')
COMMIT
INSERT INTO CONTACTOS VALUES(5,'Calle Gominola','Usuario','Guay',NULL,'Gijon','admin')
COMMIT
INSERT INTO CORREOS VALUES(1,0.0E0,'Asunto','Cuerpo',1,'usuario1')
COMMIT
INSERT INTO CORREOS VALUES(2,0.0E0,'Asunto','Cuerpo',1,'usuario1')
COMMIT
INSERT INTO CORREOS VALUES(3,0.0E0,'Asunto','Cuerpo',1,'usuario1')
COMMIT
INSERT INTO CORREOS VALUES(6,0.0E0,'Asunto','Cuerpo',3,'usuario1')
COMMIT
INSERT INTO CORREOS VALUES(7,0.0E0,'Asunto','Cuerpo',3,'usuario1')
COMMIT
INSERT INTO CORREOS VALUES(8,2.5E0,'Bombones','Me los compras?',1,'usuario1')
COMMIT
INSERT INTO CORREOS VALUES(9,1.0E0,'Azucarillos','Hay que comprar',1,'usuario1')
COMMIT
INSERT INTO CORREOS VALUES(10,1.42528922441E12,'Te invito a mi party','El viernes en mi casa :D',1,'usuario1')
COMMIT
INSERT INTO CORREOS VALUES(11,1.42528940032E12,'Examen','De SDI',1,'usuario1')
COMMIT
INSERT INTO CORREOS VALUES(12,1.425290673231E12,'Nuevo Correo','Cosas',1,'usuario1')
COMMIT
INSERT INTO CORREOS VALUES(13,1.425292705614E12,'asdasd','asdasd',1,'usuario1')
COMMIT
INSERT INTO CORREOS VALUES(15,1.42529334112E12,'qweqwe','qweqwe',2,'usuario1')
COMMIT
INSERT INTO CORREOS VALUES(16,1.425293374263E12,'zxczxczxc','zxczxczxc',2,'usuario1')
COMMIT
INSERT INTO CORREOS VALUES(17,1.425293768481E12,'qwerwerqwer','qwerqwerqwer',2,'usuario1')
COMMIT
INSERT INTO CORREOS VALUES(18,1.425294039577E12,'asdasd','asdasd',2,'usuario1')
COMMIT
INSERT INTO CORREOS VALUES(19,1.425316272947E12,'hola','mundo',1,'usuario1')
COMMIT
INSERT INTO CORREOS VALUES(20,1.425317912616E12,'hola2','hola caracola',2,'usuario1')
COMMIT
INSERT INTO CORREOS VALUES(21,1.425318182745E12,'hola','hola caracoooola',1,'usuario1')
COMMIT
INSERT INTO CORREOS VALUES(22,1.425318246001E12,'holeando','holeo',2,'usuario1')
COMMIT
INSERT INTO CORREOS VALUES(23,1.425318361432E12,'sadasd','dsfsdafsfasdf',2,'usuario1')
COMMIT
INSERT INTO CORREOS VALUES(24,1.425318714298E12,'nelson','muahahhahahhaha',2,'usuario1')
COMMIT
INSERT INTO DESTINATARIOS VALUES(1,1,1)
COMMIT
INSERT INTO DESTINATARIOS VALUES(2,2,1)
COMMIT
INSERT INTO DESTINATARIOS VALUES(3,3,1)
COMMIT
INSERT INTO DESTINATARIOS VALUES(4,10,1)
COMMIT
INSERT INTO DESTINATARIOS VALUES(5,11,1)
COMMIT
INSERT INTO DESTINATARIOS VALUES(6,12,1)
COMMIT
INSERT INTO DESTINATARIOS VALUES(7,13,2)
COMMIT
INSERT INTO DESTINATARIOS VALUES(9,15,1)
COMMIT
INSERT INTO DESTINATARIOS VALUES(10,16,1)
COMMIT
INSERT INTO DESTINATARIOS VALUES(11,17,1)
COMMIT
INSERT INTO DESTINATARIOS VALUES(12,18,1)
COMMIT
INSERT INTO DESTINATARIOS VALUES(13,19,1)
COMMIT
INSERT INTO DESTINATARIOS VALUES(14,20,1)
COMMIT
INSERT INTO DESTINATARIOS VALUES(15,21,3)
COMMIT
INSERT INTO DESTINATARIOS VALUES(16,22,3)
COMMIT
INSERT INTO DESTINATARIOS VALUES(17,23,2)
COMMIT
INSERT INTO DESTINATARIOS VALUES(18,24,1)
COMMIT
DISCONNECT
/*C437*/SET SCHEMA PUBLIC
DISCONNECT
/*C438*/SET SCHEMA PUBLIC
DISCONNECT
/*C439*/SET SCHEMA PUBLIC
DISCONNECT
/*C440*/SET SCHEMA PUBLIC
DISCONNECT
/*C441*/SET SCHEMA PUBLIC
DISCONNECT
/*C442*/SET SCHEMA PUBLIC
DISCONNECT
